This file contains any messages produced by compilers while
running configure, to aid debugging if configure makes a mistake.

It was created by locust configure 0.1, which was
generated by GNU Autoconf 2.68.  Invocation command line was

  $ ./configure 

## --------- ##
## Platform. ##
## --------- ##

hostname = elielsardanons
uname -m = x86_64
uname -r = 3.13.0-117-generic
uname -s = Linux
uname -v = #164~precise1-Ubuntu SMP Mon Apr 10 16:16:25 UTC 2017

/usr/bin/uname -p = unknown
/bin/uname -X     = unknown

/bin/arch              = unknown
/usr/bin/arch -k       = unknown
/usr/convex/getsysinfo = unknown
/usr/bin/hostinfo      = unknown
/bin/machine           = unknown
/usr/bin/oslevel       = unknown
/bin/universe          = unknown

PATH: /usr/lib/lightdm/lightdm
PATH: /usr/local/sbin
PATH: /usr/local/bin
PATH: /usr/sbin
PATH: /usr/bin
PATH: /sbin
PATH: /bin
PATH: /usr/games
PATH: /usr/lib/jvm/java-8-oracle/bin
PATH: /usr/lib/jvm/java-8-oracle/db/bin
PATH: /usr/lib/jvm/java-8-oracle/jre/bin


## ----------- ##
## Core tests. ##
## ----------- ##

configure:2251: checking for a BSD-compatible install
configure:2319: result: /usr/bin/install -c
configure:2330: checking whether build environment is sane
configure:2380: result: yes
configure:2521: checking for a thread-safe mkdir -p
configure:2560: result: /bin/mkdir -p
configure:2573: checking for gawk
configure:2603: result: no
configure:2573: checking for mawk
configure:2589: found /usr/bin/mawk
configure:2600: result: mawk
configure:2611: checking whether make sets $(MAKE)
configure:2633: result: yes
configure:2737: checking for style of include used by make
configure:2765: result: GNU
configure:2836: checking for gcc
configure:2852: found /usr/bin/gcc
configure:2863: result: gcc
configure:3092: checking for C compiler version
configure:3101: gcc --version >&5
gcc (Ubuntu/Linaro 4.6.3-1ubuntu5) 4.6.3
Copyright (C) 2011 Free Software Foundation, Inc.
This is free software; see the source for copying conditions.  There is NO
warranty; not even for MERCHANTABILITY or FITNESS FOR A PARTICULAR PURPOSE.

configure:3112: $? = 0
configure:3101: gcc -v >&5
Using built-in specs.
COLLECT_GCC=gcc
COLLECT_LTO_WRAPPER=/usr/lib/gcc/x86_64-linux-gnu/4.6/lto-wrapper
Target: x86_64-linux-gnu
Configured with: ../src/configure -v --with-pkgversion='Ubuntu/Linaro 4.6.3-1ubuntu5' --with-bugurl=file:///usr/share/doc/gcc-4.6/README.Bugs --enable-languages=c,c++,fortran,objc,obj-c++ --prefix=/usr --program-suffix=-4.6 --enable-shared --enable-linker-build-id --with-system-zlib --libexecdir=/usr/lib --without-included-gettext --enable-threads=posix --with-gxx-include-dir=/usr/include/c++/4.6 --libdir=/usr/lib --enable-nls --with-sysroot=/ --enable-clocale=gnu --enable-libstdcxx-debug --enable-libstdcxx-time=yes --enable-gnu-unique-object --enable-plugin --enable-objc-gc --disable-werror --with-arch-32=i686 --with-tune=generic --enable-checking=release --build=x86_64-linux-gnu --host=x86_64-linux-gnu --target=x86_64-linux-gnu
Thread model: posix
gcc version 4.6.3 (Ubuntu/Linaro 4.6.3-1ubuntu5) 
configure:3112: $? = 0
configure:3101: gcc -V >&5
gcc: error: unrecognized option '-V'
gcc: fatal error: no input files
compilation terminated.
configure:3112: $? = 4
configure:3101: gcc -qversion >&5
gcc: error: unrecognized option '-qversion'
gcc: fatal error: no input files
compilation terminated.
configure:3112: $? = 4
configure:3132: checking whether the C compiler works
configure:3154: gcc    conftest.c  >&5
configure:3158: $? = 0
configure:3206: result: yes
configure:3209: checking for C compiler default output file name
configure:3211: result: a.out
configure:3217: checking for suffix of executables
configure:3224: gcc -o conftest    conftest.c  >&5
configure:3228: $? = 0
configure:3250: result: 
configure:3272: checking whether we are cross compiling
configure:3280: gcc -o conftest    conftest.c  >&5
configure:3284: $? = 0
configure:3291: ./conftest
configure:3295: $? = 0
configure:3310: result: no
configure:3315: checking for suffix of object files
configure:3337: gcc -c   conftest.c >&5
configure:3341: $? = 0
configure:3362: result: o
configure:3366: checking whether we are using the GNU C compiler
configure:3385: gcc -c   conftest.c >&5
configure:3385: $? = 0
configure:3394: result: yes
configure:3403: checking whether gcc accepts -g
configure:3423: gcc -c -g  conftest.c >&5
configure:3423: $? = 0
configure:3464: result: yes
configure:3481: checking for gcc option to accept ISO C89
configure:3545: gcc  -c -g -O2  conftest.c >&5
configure:3545: $? = 0
configure:3558: result: none needed
configure:3580: checking dependency style of gcc
configure:3691: result: gcc3
configure:3712: checking how to run the C preprocessor
configure:3743: gcc -E  conftest.c
configure:3743: $? = 0
configure:3757: gcc -E  conftest.c
conftest.c:11:28: fatal error: ac_nonexistent.h: No such file or directory
compilation terminated.
configure:3757: $? = 1
configure: failed program was:
| /* confdefs.h */
| #define PACKAGE_NAME "locust"
| #define PACKAGE_TARNAME "locust"
| #define PACKAGE_VERSION "0.1"
| #define PACKAGE_STRING "locust 0.1"
| #define PACKAGE_BUGREPORT ""
| #define PACKAGE_URL ""
| #define PACKAGE "locust"
| #define VERSION "0.1"
| /* end confdefs.h.  */
| #include <ac_nonexistent.h>
configure:3782: result: gcc -E
configure:3802: gcc -E  conftest.c
configure:3802: $? = 0
configure:3816: gcc -E  conftest.c
conftest.c:11:28: fatal error: ac_nonexistent.h: No such file or directory
compilation terminated.
configure:3816: $? = 1
configure: failed program was:
| /* confdefs.h */
| #define PACKAGE_NAME "locust"
| #define PACKAGE_TARNAME "locust"
| #define PACKAGE_VERSION "0.1"
| #define PACKAGE_STRING "locust 0.1"
| #define PACKAGE_BUGREPORT ""
| #define PACKAGE_URL ""
| #define PACKAGE "locust"
| #define VERSION "0.1"
| /* end confdefs.h.  */
| #include <ac_nonexistent.h>
configure:3845: checking for grep that handles long lines and -e
configure:3903: result: /bin/grep
configure:3908: checking for egrep
configure:3970: result: /bin/grep -E
configure:3975: checking for ANSI C header files
configure:3995: gcc -c -g -O2  conftest.c >&5
configure:3995: $? = 0
configure:4068: gcc -o conftest -g -O2   conftest.c  >&5
configure:4068: $? = 0
configure:4068: ./conftest
configure:4068: $? = 0
configure:4079: result: yes
configure:4092: checking for sys/types.h
configure:4092: gcc -c -g -O2  conftest.c >&5
configure:4092: $? = 0
configure:4092: result: yes
configure:4092: checking for sys/stat.h
configure:4092: gcc -c -g -O2  conftest.c >&5
configure:4092: $? = 0
configure:4092: result: yes
configure:4092: checking for stdlib.h
configure:4092: gcc -c -g -O2  conftest.c >&5
configure:4092: $? = 0
configure:4092: result: yes
configure:4092: checking for string.h
configure:4092: gcc -c -g -O2  conftest.c >&5
configure:4092: $? = 0
configure:4092: result: yes
configure:4092: checking for memory.h
configure:4092: gcc -c -g -O2  conftest.c >&5
configure:4092: $? = 0
configure:4092: result: yes
configure:4092: checking for strings.h
configure:4092: gcc -c -g -O2  conftest.c >&5
configure:4092: $? = 0
configure:4092: result: yes
configure:4092: checking for inttypes.h
configure:4092: gcc -c -g -O2  conftest.c >&5
configure:4092: $? = 0
configure:4092: result: yes
configure:4092: checking for stdint.h
configure:4092: gcc -c -g -O2  conftest.c >&5
configure:4092: $? = 0
configure:4092: result: yes
configure:4092: checking for unistd.h
configure:4092: gcc -c -g -O2  conftest.c >&5
configure:4092: $? = 0
configure:4092: result: yes
configure:4105: checking minix/config.h usability
configure:4105: gcc -c -g -O2  conftest.c >&5
conftest.c:54:26: fatal error: minix/config.h: No such file or directory
compilation terminated.
configure:4105: $? = 1
configure: failed program was:
| /* confdefs.h */
| #define PACKAGE_NAME "locust"
| #define PACKAGE_TARNAME "locust"
| #define PACKAGE_VERSION "0.1"
| #define PACKAGE_STRING "locust 0.1"
| #define PACKAGE_BUGREPORT ""
| #define PACKAGE_URL ""
| #define PACKAGE "locust"
| #define VERSION "0.1"
| #define STDC_HEADERS 1
| #define HAVE_SYS_TYPES_H 1
| #define HAVE_SYS_STAT_H 1
| #define HAVE_STDLIB_H 1
| #define HAVE_STRING_H 1
| #define HAVE_MEMORY_H 1
| #define HAVE_STRINGS_H 1
| #define HAVE_INTTYPES_H 1
| #define HAVE_STDINT_H 1
| #define HAVE_UNISTD_H 1
| /* end confdefs.h.  */
| #include <stdio.h>
| #ifdef HAVE_SYS_TYPES_H
| # include <sys/types.h>
| #endif
| #ifdef HAVE_SYS_STAT_H
| # include <sys/stat.h>
| #endif
| #ifdef STDC_HEADERS
| # include <stdlib.h>
| # include <stddef.h>
| #else
| # ifdef HAVE_STDLIB_H
| #  include <stdlib.h>
| # endif
| #endif
| #ifdef HAVE_STRING_H
| # if !defined STDC_HEADERS && defined HAVE_MEMORY_H
| #  include <memory.h>
| # endif
| # include <string.h>
| #endif
| #ifdef HAVE_STRINGS_H
| # include <strings.h>
| #endif
| #ifdef HAVE_INTTYPES_H
| # include <inttypes.h>
| #endif
| #ifdef HAVE_STDINT_H
| # include <stdint.h>
| #endif
| #ifdef HAVE_UNISTD_H
| # include <unistd.h>
| #endif
| #include <minix/config.h>
configure:4105: result: no
configure:4105: checking minix/config.h presence
configure:4105: gcc -E  conftest.c
conftest.c:21:26: fatal error: minix/config.h: No such file or directory
compilation terminated.
configure:4105: $? = 1
configure: failed program was:
| /* confdefs.h */
| #define PACKAGE_NAME "locust"
| #define PACKAGE_TARNAME "locust"
| #define PACKAGE_VERSION "0.1"
| #define PACKAGE_STRING "locust 0.1"
| #define PACKAGE_BUGREPORT ""
| #define PACKAGE_URL ""
| #define PACKAGE "locust"
| #define VERSION "0.1"
| #define STDC_HEADERS 1
| #define HAVE_SYS_TYPES_H 1
| #define HAVE_SYS_STAT_H 1
| #define HAVE_STDLIB_H 1
| #define HAVE_STRING_H 1
| #define HAVE_MEMORY_H 1
| #define HAVE_STRINGS_H 1
| #define HAVE_INTTYPES_H 1
| #define HAVE_STDINT_H 1
| #define HAVE_UNISTD_H 1
| /* end confdefs.h.  */
| #include <minix/config.h>
configure:4105: result: no
configure:4105: checking for minix/config.h
configure:4105: result: no
configure:4126: checking whether it is safe to define __EXTENSIONS__
configure:4144: gcc -c -g -O2  conftest.c >&5
configure:4144: $? = 0
configure:4151: result: yes
configure:4170: checking build system type
configure:4184: result: x86_64-unknown-linux-gnu
configure:4204: checking host system type
configure:4217: result: x86_64-unknown-linux-gnu
configure:4238: checking whether make sets $(MAKE)
configure:4260: result: yes
configure:4393: checking for gcc
configure:4420: result: gcc
configure:4649: checking for C compiler version
configure:4658: gcc --version >&5
gcc (Ubuntu/Linaro 4.6.3-1ubuntu5) 4.6.3
Copyright (C) 2011 Free Software Foundation, Inc.
This is free software; see the source for copying conditions.  There is NO
warranty; not even for MERCHANTABILITY or FITNESS FOR A PARTICULAR PURPOSE.

configure:4669: $? = 0
configure:4658: gcc -v >&5
Using built-in specs.
COLLECT_GCC=gcc
COLLECT_LTO_WRAPPER=/usr/lib/gcc/x86_64-linux-gnu/4.6/lto-wrapper
Target: x86_64-linux-gnu
Configured with: ../src/configure -v --with-pkgversion='Ubuntu/Linaro 4.6.3-1ubuntu5' --with-bugurl=file:///usr/share/doc/gcc-4.6/README.Bugs --enable-languages=c,c++,fortran,objc,obj-c++ --prefix=/usr --program-suffix=-4.6 --enable-shared --enable-linker-build-id --with-system-zlib --libexecdir=/usr/lib --without-included-gettext --enable-threads=posix --with-gxx-include-dir=/usr/include/c++/4.6 --libdir=/usr/lib --enable-nls --with-sysroot=/ --enable-clocale=gnu --enable-libstdcxx-debug --enable-libstdcxx-time=yes --enable-gnu-unique-object --enable-plugin --enable-objc-gc --disable-werror --with-arch-32=i686 --with-tune=generic --enable-checking=release --build=x86_64-linux-gnu --host=x86_64-linux-gnu --target=x86_64-linux-gnu
Thread model: posix
gcc version 4.6.3 (Ubuntu/Linaro 4.6.3-1ubuntu5) 
configure:4669: $? = 0
configure:4658: gcc -V >&5
gcc: error: unrecognized option '-V'
gcc: fatal error: no input files
compilation terminated.
configure:4669: $? = 4
configure:4658: gcc -qversion >&5
gcc: error: unrecognized option '-qversion'
gcc: fatal error: no input files
compilation terminated.
configure:4669: $? = 4
configure:4673: checking whether we are using the GNU C compiler
configure:4701: result: yes
configure:4710: checking whether gcc accepts -g
configure:4771: result: yes
configure:4788: checking for gcc option to accept ISO C89
configure:4865: result: none needed
configure:4887: checking dependency style of gcc
configure:4998: result: gcc3
configure:5022: checking for size_t
configure:5022: gcc -c -g -O2  conftest.c >&5
configure:5022: $? = 0
configure:5022: gcc -c -g -O2  conftest.c >&5
conftest.c: In function 'main':
conftest.c:62:21: error: expected expression before ')' token
configure:5022: $? = 1
configure: failed program was:
| /* confdefs.h */
| #define PACKAGE_NAME "locust"
| #define PACKAGE_TARNAME "locust"
| #define PACKAGE_VERSION "0.1"
| #define PACKAGE_STRING "locust 0.1"
| #define PACKAGE_BUGREPORT ""
| #define PACKAGE_URL ""
| #define PACKAGE "locust"
| #define VERSION "0.1"
| #define STDC_HEADERS 1
| #define HAVE_SYS_TYPES_H 1
| #define HAVE_SYS_STAT_H 1
| #define HAVE_STDLIB_H 1
| #define HAVE_STRING_H 1
| #define HAVE_MEMORY_H 1
| #define HAVE_STRINGS_H 1
| #define HAVE_INTTYPES_H 1
| #define HAVE_STDINT_H 1
| #define HAVE_UNISTD_H 1
| #define __EXTENSIONS__ 1
| #define _ALL_SOURCE 1
| #define _GNU_SOURCE 1
| #define _POSIX_PTHREAD_SEMANTICS 1
| #define _TANDEM_SOURCE 1
| /* end confdefs.h.  */
| #include <stdio.h>
| #ifdef HAVE_SYS_TYPES_H
| # include <sys/types.h>
| #endif
| #ifdef HAVE_SYS_STAT_H
| # include <sys/stat.h>
| #endif
| #ifdef STDC_HEADERS
| # include <stdlib.h>
| # include <stddef.h>
| #else
| # ifdef HAVE_STDLIB_H
| #  include <stdlib.h>
| # endif
| #endif
| #ifdef HAVE_STRING_H
| # if !defined STDC_HEADERS && defined HAVE_MEMORY_H
| #  include <memory.h>
| # endif
| # include <string.h>
| #endif
| #ifdef HAVE_STRINGS_H
| # include <strings.h>
| #endif
| #ifdef HAVE_INTTYPES_H
| # include <inttypes.h>
| #endif
| #ifdef HAVE_STDINT_H
| # include <stdint.h>
| #endif
| #ifdef HAVE_UNISTD_H
| # include <unistd.h>
| #endif
| int
| main ()
| {
| if (sizeof ((size_t)))
| 	    return 0;
|   ;
|   return 0;
| }
configure:5022: result: yes
configure:5035: checking for working alloca.h
configure:5052: gcc -o conftest -g -O2   conftest.c  >&5
configure:5052: $? = 0
configure:5060: result: yes
configure:5068: checking for alloca
configure:5105: gcc -o conftest -g -O2   conftest.c  >&5
configure:5105: $? = 0
configure:5113: result: yes
configure:5225: checking for dirent.h that defines DIR
configure:5244: gcc -c -g -O2  conftest.c >&5
configure:5244: $? = 0
configure:5252: result: yes
configure:5265: checking for library containing opendir
configure:5296: gcc -o conftest -g -O2   conftest.c  >&5
configure:5296: $? = 0
configure:5313: result: none required
configure:5380: checking for ANSI C header files
configure:5484: result: yes
configure:5492: checking for sys/wait.h that is POSIX.1 compatible
configure:5518: gcc -c -g -O2  conftest.c >&5
configure:5518: $? = 0
configure:5525: result: yes
configure:5537: checking for strlcat
configure:5537: gcc -o conftest -g -O2   conftest.c  >&5
/tmp/ccEaUGFP.o: In function `main':
/home/eliel/locust/conftest.c:65: undefined reference to `strlcat'
collect2: ld returned 1 exit status
configure:5537: $? = 1
configure: failed program was:
| /* confdefs.h */
| #define PACKAGE_NAME "locust"
| #define PACKAGE_TARNAME "locust"
| #define PACKAGE_VERSION "0.1"
| #define PACKAGE_STRING "locust 0.1"
| #define PACKAGE_BUGREPORT ""
| #define PACKAGE_URL ""
| #define PACKAGE "locust"
| #define VERSION "0.1"
| #define STDC_HEADERS 1
| #define HAVE_SYS_TYPES_H 1
| #define HAVE_SYS_STAT_H 1
| #define HAVE_STDLIB_H 1
| #define HAVE_STRING_H 1
| #define HAVE_MEMORY_H 1
| #define HAVE_STRINGS_H 1
| #define HAVE_INTTYPES_H 1
| #define HAVE_STDINT_H 1
| #define HAVE_UNISTD_H 1
| #define __EXTENSIONS__ 1
| #define _ALL_SOURCE 1
| #define _GNU_SOURCE 1
| #define _POSIX_PTHREAD_SEMANTICS 1
| #define _TANDEM_SOURCE 1
| #define HAVE_ALLOCA_H 1
| #define HAVE_ALLOCA 1
| #define HAVE_DIRENT_H 1
| #define STDC_HEADERS 1
| #define HAVE_SYS_WAIT_H 1
| /* end confdefs.h.  */
| /* Define strlcat to an innocuous variant, in case <limits.h> declares strlcat.
|    For example, HP-UX 11i <limits.h> declares gettimeofday.  */
| #define strlcat innocuous_strlcat
| 
| /* System header to define __stub macros and hopefully few prototypes,
|     which can conflict with char strlcat (); below.
|     Prefer <limits.h> to <assert.h> if __STDC__ is defined, since
|     <limits.h> exists even on freestanding compilers.  */
| 
| #ifdef __STDC__
| # include <limits.h>
| #else
| # include <assert.h>
| #endif
| 
| #undef strlcat
| 
| /* Override any GCC internal prototype to avoid an error.
|    Use char because int might match the return type of a GCC
|    builtin and then its argument prototype would still apply.  */
| #ifdef __cplusplus
| extern "C"
| #endif
| char strlcat ();
| /* The GNU C library defines this for functions which it implements
|     to always fail with ENOSYS.  Some functions are actually named
|     something starting with __ and the normal name is an alias.  */
| #if defined __stub_strlcat || defined __stub___strlcat
| choke me
| #endif
| 
| int
| main ()
| {
| return strlcat ();
|   ;
|   return 0;
| }
configure:5537: result: no
configure:5537: checking for strlcpy
configure:5537: gcc -o conftest -g -O2   conftest.c  >&5
/tmp/ccagSwbU.o: In function `main':
/home/eliel/locust/conftest.c:65: undefined reference to `strlcpy'
collect2: ld returned 1 exit status
configure:5537: $? = 1
configure: failed program was:
| /* confdefs.h */
| #define PACKAGE_NAME "locust"
| #define PACKAGE_TARNAME "locust"
| #define PACKAGE_VERSION "0.1"
| #define PACKAGE_STRING "locust 0.1"
| #define PACKAGE_BUGREPORT ""
| #define PACKAGE_URL ""
| #define PACKAGE "locust"
| #define VERSION "0.1"
| #define STDC_HEADERS 1
| #define HAVE_SYS_TYPES_H 1
| #define HAVE_SYS_STAT_H 1
| #define HAVE_STDLIB_H 1
| #define HAVE_STRING_H 1
| #define HAVE_MEMORY_H 1
| #define HAVE_STRINGS_H 1
| #define HAVE_INTTYPES_H 1
| #define HAVE_STDINT_H 1
| #define HAVE_UNISTD_H 1
| #define __EXTENSIONS__ 1
| #define _ALL_SOURCE 1
| #define _GNU_SOURCE 1
| #define _POSIX_PTHREAD_SEMANTICS 1
| #define _TANDEM_SOURCE 1
| #define HAVE_ALLOCA_H 1
| #define HAVE_ALLOCA 1
| #define HAVE_DIRENT_H 1
| #define STDC_HEADERS 1
| #define HAVE_SYS_WAIT_H 1
| /* end confdefs.h.  */
| /* Define strlcpy to an innocuous variant, in case <limits.h> declares strlcpy.
|    For example, HP-UX 11i <limits.h> declares gettimeofday.  */
| #define strlcpy innocuous_strlcpy
| 
| /* System header to define __stub macros and hopefully few prototypes,
|     which can conflict with char strlcpy (); below.
|     Prefer <limits.h> to <assert.h> if __STDC__ is defined, since
|     <limits.h> exists even on freestanding compilers.  */
| 
| #ifdef __STDC__
| # include <limits.h>
| #else
| # include <assert.h>
| #endif
| 
| #undef strlcpy
| 
| /* Override any GCC internal prototype to avoid an error.
|    Use char because int might match the return type of a GCC
|    builtin and then its argument prototype would still apply.  */
| #ifdef __cplusplus
| extern "C"
| #endif
| char strlcpy ();
| /* The GNU C library defines this for functions which it implements
|     to always fail with ENOSYS.  Some functions are actually named
|     something starting with __ and the normal name is an alias.  */
| #if defined __stub_strlcpy || defined __stub___strlcpy
| choke me
| #endif
| 
| int
| main ()
| {
| return strlcpy ();
|   ;
|   return 0;
| }
configure:5537: result: no
configure:5547: checking for pthread_create in -lpthread
configure:5572: gcc -o conftest -g -O2   conftest.c -lpthread   >&5
configure:5572: $? = 0
configure:5581: result: yes
configure:5607: checking for tgetent in -lncurses
configure:5632: gcc -o conftest -g -O2   conftest.c -lncurses  -lpthread  >&5
configure:5632: $? = 0
configure:5641: result: yes
configure:5729: checking for bison
configure:5745: found /usr/bin/bison
configure:5756: result: bison
configure:5772: checking for flex
configure:5788: found /usr/bin/flex
configure:5799: result: flex
configure:5979: creating ./config.status

## ---------------------- ##
## Running config.status. ##
## ---------------------- ##

This file was extended by locust config.status 0.1, which was
generated by GNU Autoconf 2.68.  Invocation command line was

  CONFIG_FILES    = 
  CONFIG_HEADERS  = 
  CONFIG_LINKS    = 
  CONFIG_COMMANDS = 
  $ ./config.status 

on elielsardanons

config.status:904: creating include/locust/version.h
config.status:904: creating locust.conf
config.status:904: creating Makefile
config.status:904: creating main/Makefile
config.status:904: creating modules/scanners/Makefile
config.status:904: creating modules/wordlists/Makefile
config.status:904: creating include/locust/autoconfig.h
config.status:1085: include/locust/autoconfig.h is unchanged
config.status:1133: executing depfiles commands
configure:7380: === configuring in libs/libedit (/home/eliel/locust/libs/libedit)
configure:7443: running /bin/bash ./configure --disable-option-checking '--prefix=/usr/local'  --cache-file=/dev/null --srcdir=.
configure:7380: === configuring in libs/libpcap (/home/eliel/locust/libs/libpcap)
configure:7443: running /bin/bash ./configure --disable-option-checking '--prefix=/usr/local'  --cache-file=/dev/null --srcdir=.
configure:7380: === configuring in libs/libconfig (/home/eliel/locust/libs/libconfig)
configure:7443: running /bin/bash ./configure --disable-option-checking '--prefix=/usr/local'  --cache-file=/dev/null --srcdir=.
configure:7380: === configuring in libs/libnet (/home/eliel/locust/libs/libnet)
configure:7443: running /bin/bash ./configure --disable-option-checking '--prefix=/usr/local'  --cache-file=/dev/null --srcdir=.

## ---------------- ##
## Cache variables. ##
## ---------------- ##

ac_cv_build=x86_64-unknown-linux-gnu
ac_cv_c_compiler_gnu=yes
ac_cv_env_CC_set=
ac_cv_env_CC_value=
ac_cv_env_CFLAGS_set=
ac_cv_env_CFLAGS_value=
ac_cv_env_CPPFLAGS_set=
ac_cv_env_CPPFLAGS_value=
ac_cv_env_CPP_set=
ac_cv_env_CPP_value=
ac_cv_env_LDFLAGS_set=
ac_cv_env_LDFLAGS_value=
ac_cv_env_LIBS_set=
ac_cv_env_LIBS_value=
ac_cv_env_build_alias_set=
ac_cv_env_build_alias_value=
ac_cv_env_host_alias_set=
ac_cv_env_host_alias_value=
ac_cv_env_target_alias_set=
ac_cv_env_target_alias_value=
ac_cv_func_alloca_works=yes
ac_cv_func_strlcat=no
ac_cv_func_strlcpy=no
ac_cv_header_dirent_dirent_h=yes
ac_cv_header_inttypes_h=yes
ac_cv_header_memory_h=yes
ac_cv_header_minix_config_h=no
ac_cv_header_stdc=yes
ac_cv_header_stdint_h=yes
ac_cv_header_stdlib_h=yes
ac_cv_header_string_h=yes
ac_cv_header_strings_h=yes
ac_cv_header_sys_stat_h=yes
ac_cv_header_sys_types_h=yes
ac_cv_header_sys_wait_h=yes
ac_cv_header_unistd_h=yes
ac_cv_host=x86_64-unknown-linux-gnu
ac_cv_lib_ncurses_tgetent=yes
ac_cv_lib_pthread_pthread_create=yes
ac_cv_objext=o
ac_cv_path_EGREP='/bin/grep -E'
ac_cv_path_GREP=/bin/grep
ac_cv_path_install='/usr/bin/install -c'
ac_cv_path_mkdir=/bin/mkdir
ac_cv_prog_AWK=mawk
ac_cv_prog_BISON=bison
ac_cv_prog_CPP='gcc -E'
ac_cv_prog_FLEX=flex
ac_cv_prog_ac_ct_CC=gcc
ac_cv_prog_cc_c89=
ac_cv_prog_cc_g=yes
ac_cv_prog_make_make_set=yes
ac_cv_safe_to_define___extensions__=yes
ac_cv_search_opendir='none required'
ac_cv_type_size_t=yes
ac_cv_working_alloca_h=yes
am_cv_CC_dependencies_compiler_type=gcc3

## ----------------- ##
## Output variables. ##
## ----------------- ##

ACLOCAL='${SHELL} /home/eliel/locust/missing --run aclocal-1.11'
ADD_LIBEDIT_FALSE='#'
ADD_LIBEDIT_TRUE=''
ADD_LIBPCAP_FALSE='#'
ADD_LIBPCAP_TRUE=''
ALLOCA=''
AMDEPBACKSLASH='\'
AMDEP_FALSE='#'
AMDEP_TRUE=''
AMTAR='$${TAR-tar}'
AUTOCONF='${SHELL} /home/eliel/locust/missing --run autoconf'
AUTOHEADER='${SHELL} /home/eliel/locust/missing --run autoheader'
AUTOMAKE='${SHELL} /home/eliel/locust/missing --run automake-1.11'
AWK='mawk'
BISON='bison'
BUILD_CPU='x86_64'
BUILD_OS='linux-gnu'
BUILD_PLATFORM='x86_64-unknown-linux-gnu'
BUILD_VENDOR='unknown'
CC='gcc'
CCDEPMODE='depmode=gcc3'
CFLAGS='-g -O2'
CPP='gcc -E'
CPPFLAGS=''
CYGPATH_W='echo'
DEFS='-DHAVE_CONFIG_H'
DEPDIR='.deps'
DEVMODE_CFLAGS=''
ECHO_C=''
ECHO_N='-n'
ECHO_T=''
EGREP='/bin/grep -E'
EXEEXT=''
FLEX='flex'
GREP='/bin/grep'
INSTALL_DATA='${INSTALL} -m 644'
INSTALL_PROGRAM='${INSTALL}'
INSTALL_SCRIPT='${INSTALL}'
INSTALL_STRIP_PROGRAM='$(install_sh) -c -s'
LDFLAGS=''
LIBOBJS=''
LIBS='-lncurses -lpthread '
LOCUST_VERSION='0.0.1'
LTLIBOBJS=''
MAKEINFO='${SHELL} /home/eliel/locust/missing --run makeinfo'
MKDIR_P='/bin/mkdir -p'
MODULES_INSTALL_PATH='/home/eliel/locust/bin/modules'
OBJEXT='o'
OSARCH='LINUX'
PACKAGE='locust'
PACKAGE_BUGREPORT=''
PACKAGE_NAME='locust'
PACKAGE_STRING='locust 0.1'
PACKAGE_TARNAME='locust'
PACKAGE_URL=''
PACKAGE_VERSION='0.1'
PATH_SEPARATOR=':'
SET_MAKE=''
SHELL='/bin/bash'
SLINK='-Wl,--export-dynamic -Wl,--no-as-needed -fpic -ldl'
SOLINK='-shared -Xlinker -x'
STRIP=''
VERSION='0.1'
ac_ct_CC='gcc'
am__EXEEXT_FALSE=''
am__EXEEXT_TRUE='#'
am__fastdepCC_FALSE='#'
am__fastdepCC_TRUE=''
am__include='include'
am__isrc=''
am__leading_dot='.'
am__nodep='_no'
am__quote=''
am__tar='$${TAR-tar} chof - "$$tardir"'
am__untar='$${TAR-tar} xf -'
bindir='${exec_prefix}/bin'
build='x86_64-unknown-linux-gnu'
build_alias=''
build_cpu='x86_64'
build_os='linux-gnu'
build_vendor='unknown'
datadir='${datarootdir}'
datarootdir='${prefix}/share'
docdir='${datarootdir}/doc/${PACKAGE_TARNAME}'
dvidir='${docdir}'
exec_prefix='${prefix}'
host='x86_64-unknown-linux-gnu'
host_alias=''
host_cpu='x86_64'
host_os='linux-gnu'
host_vendor='unknown'
htmldir='${docdir}'
includedir='${prefix}/include'
infodir='${datarootdir}/info'
install_sh='${SHELL} /home/eliel/locust/install-sh'
libdir='${exec_prefix}/lib'
libexecdir='${exec_prefix}/libexec'
localedir='${datarootdir}/locale'
localstatedir='${prefix}/var'
locust_srcdir='/home/eliel/locust'
mandir='${datarootdir}/man'
mkdir_p='/bin/mkdir -p'
oldincludedir='/usr/include'
pdfdir='${docdir}'
prefix='/usr/local'
program_transform_name='s,x,x,'
psdir='${docdir}'
sbindir='${exec_prefix}/sbin'
sharedstatedir='${prefix}/com'
subdirs=' libs/libedit libs/libpcap libs/libconfig libs/libnet'
sysconfdir='${prefix}/etc'
target_alias=''

## ----------- ##
## confdefs.h. ##
## ----------- ##

/* confdefs.h */
#define PACKAGE_NAME "locust"
#define PACKAGE_TARNAME "locust"
#define PACKAGE_VERSION "0.1"
#define PACKAGE_STRING "locust 0.1"
#define PACKAGE_BUGREPORT ""
#define PACKAGE_URL ""
#define PACKAGE "locust"
#define VERSION "0.1"
#define STDC_HEADERS 1
#define HAVE_SYS_TYPES_H 1
#define HAVE_SYS_STAT_H 1
#define HAVE_STDLIB_H 1
#define HAVE_STRING_H 1
#define HAVE_MEMORY_H 1
#define HAVE_STRINGS_H 1
#define HAVE_INTTYPES_H 1
#define HAVE_STDINT_H 1
#define HAVE_UNISTD_H 1
#define __EXTENSIONS__ 1
#define _ALL_SOURCE 1
#define _GNU_SOURCE 1
#define _POSIX_PTHREAD_SEMANTICS 1
#define _TANDEM_SOURCE 1
#define HAVE_ALLOCA_H 1
#define HAVE_ALLOCA 1
#define HAVE_DIRENT_H 1
#define STDC_HEADERS 1
#define HAVE_SYS_WAIT_H 1
#define HAVE_LIBPTHREAD 1
#define HAVE_LIBNCURSES 1

configure: exit 0
