This file contains any messages produced by compilers while
running configure, to aid debugging if configure makes a mistake.

It was created by configure, which was
generated by GNU Autoconf 2.61.  Invocation command line was

  $ ./configure --disable-option-checking --prefix=/usr/local --cache-file=/dev/null --srcdir=.

## --------- ##
## Platform. ##
## --------- ##

hostname = elielsardanons
uname -m = x86_64
uname -r = 3.13.0-117-generic
uname -s = Linux
uname -v = #164~precise1-Ubuntu SMP Mon Apr 10 16:16:25 UTC 2017

/usr/bin/uname -p = unknown
/bin/uname -X     = unknown

/bin/arch              = unknown
/usr/bin/arch -k       = unknown
/usr/convex/getsysinfo = unknown
/usr/bin/hostinfo      = unknown
/bin/machine           = unknown
/usr/bin/oslevel       = unknown
/bin/universe          = unknown

PATH: /usr/lib/lightdm/lightdm
PATH: /usr/local/sbin
PATH: /usr/local/bin
PATH: /usr/sbin
PATH: /usr/bin
PATH: /sbin
PATH: /bin
PATH: /usr/games
PATH: /usr/lib/jvm/java-8-oracle/bin
PATH: /usr/lib/jvm/java-8-oracle/db/bin
PATH: /usr/lib/jvm/java-8-oracle/jre/bin


## ----------- ##
## Core tests. ##
## ----------- ##

configure:1746: result: beginning autoconfiguration process for libnet-1.1.2.1...
configure:1785: checking build system type
configure:1803: result: x86_64-unknown-linux-gnu
configure:1825: checking host system type
configure:1840: result: x86_64-unknown-linux-gnu
configure:1862: checking target system type
configure:1877: result: x86_64-unknown-linux-gnu
configure:1921: checking for a BSD-compatible install
configure:1977: result: /usr/bin/install -c
configure:1988: checking whether build environment is sane
configure:2031: result: yes
configure:2059: checking for a thread-safe mkdir -p
configure:2098: result: /bin/mkdir -p
configure:2111: checking for gawk
configure:2141: result: no
configure:2111: checking for mawk
configure:2127: found /usr/bin/mawk
configure:2138: result: mawk
configure:2149: checking whether make sets $(MAKE)
configure:2170: result: yes
configure:2360: checking whether to enable maintainer-specific portions of Makefiles
configure:2369: result: no
configure:2431: checking for gcc
configure:2447: found /usr/bin/gcc
configure:2458: result: gcc
configure:2696: checking for C compiler version
configure:2703: gcc --version >&5
gcc (Ubuntu/Linaro 4.6.3-1ubuntu5) 4.6.3
Copyright (C) 2011 Free Software Foundation, Inc.
This is free software; see the source for copying conditions.  There is NO
warranty; not even for MERCHANTABILITY or FITNESS FOR A PARTICULAR PURPOSE.

configure:2706: $? = 0
configure:2713: gcc -v >&5
Using built-in specs.
COLLECT_GCC=gcc
COLLECT_LTO_WRAPPER=/usr/lib/gcc/x86_64-linux-gnu/4.6/lto-wrapper
Target: x86_64-linux-gnu
Configured with: ../src/configure -v --with-pkgversion='Ubuntu/Linaro 4.6.3-1ubuntu5' --with-bugurl=file:///usr/share/doc/gcc-4.6/README.Bugs --enable-languages=c,c++,fortran,objc,obj-c++ --prefix=/usr --program-suffix=-4.6 --enable-shared --enable-linker-build-id --with-system-zlib --libexecdir=/usr/lib --without-included-gettext --enable-threads=posix --with-gxx-include-dir=/usr/include/c++/4.6 --libdir=/usr/lib --enable-nls --with-sysroot=/ --enable-clocale=gnu --enable-libstdcxx-debug --enable-libstdcxx-time=yes --enable-gnu-unique-object --enable-plugin --enable-objc-gc --disable-werror --with-arch-32=i686 --with-tune=generic --enable-checking=release --build=x86_64-linux-gnu --host=x86_64-linux-gnu --target=x86_64-linux-gnu
Thread model: posix
gcc version 4.6.3 (Ubuntu/Linaro 4.6.3-1ubuntu5) 
configure:2716: $? = 0
configure:2723: gcc -V >&5
gcc: error: unrecognized option '-V'
gcc: fatal error: no input files
compilation terminated.
configure:2726: $? = 4
configure:2749: checking for C compiler default output file name
configure:2776: gcc    conftest.c  >&5
configure:2779: $? = 0
configure:2817: result: a.out
configure:2834: checking whether the C compiler works
configure:2844: ./a.out
configure:2847: $? = 0
configure:2864: result: yes
configure:2871: checking whether we are cross compiling
configure:2873: result: no
configure:2876: checking for suffix of executables
configure:2883: gcc -o conftest    conftest.c  >&5
configure:2886: $? = 0
configure:2910: result: 
configure:2916: checking for suffix of object files
configure:2942: gcc -c   conftest.c >&5
configure:2945: $? = 0
configure:2968: result: o
configure:2972: checking whether we are using the GNU C compiler
configure:3001: gcc -c   conftest.c >&5
configure:3007: $? = 0
configure:3024: result: yes
configure:3029: checking whether gcc accepts -g
configure:3059: gcc -c -g  conftest.c >&5
configure:3065: $? = 0
configure:3164: result: yes
configure:3181: checking for gcc option to accept ISO C89
configure:3255: gcc  -c -g -O2  conftest.c >&5
configure:3261: $? = 0
configure:3284: result: none needed
configure:3313: checking for style of include used by make
configure:3341: result: GNU
configure:3366: checking dependency style of gcc
configure:3457: result: none
configure:3485: checking for a BSD-compatible install
configure:3541: result: /usr/bin/install -c
configure:3595: checking for ranlib
configure:3611: found /usr/bin/ranlib
configure:3622: result: ranlib
configure:3655: checking how to run the C preprocessor
configure:3695: gcc -E  conftest.c
configure:3701: $? = 0
configure:3732: gcc -E  conftest.c
conftest.c:10:28: fatal error: ac_nonexistent.h: No such file or directory
compilation terminated.
configure:3738: $? = 1
configure: failed program was:
| /* confdefs.h.  */
| #define PACKAGE_NAME ""
| #define PACKAGE_TARNAME ""
| #define PACKAGE_VERSION ""
| #define PACKAGE_STRING ""
| #define PACKAGE_BUGREPORT ""
| #define PACKAGE "libnet"
| #define VERSION "1.1.2.1"
| /* end confdefs.h.  */
| #include <ac_nonexistent.h>
configure:3771: result: gcc -E
configure:3800: gcc -E  conftest.c
configure:3806: $? = 0
configure:3837: gcc -E  conftest.c
conftest.c:10:28: fatal error: ac_nonexistent.h: No such file or directory
compilation terminated.
configure:3843: $? = 1
configure: failed program was:
| /* confdefs.h.  */
| #define PACKAGE_NAME ""
| #define PACKAGE_TARNAME ""
| #define PACKAGE_VERSION ""
| #define PACKAGE_STRING ""
| #define PACKAGE_BUGREPORT ""
| #define PACKAGE "libnet"
| #define VERSION "1.1.2.1"
| /* end confdefs.h.  */
| #include <ac_nonexistent.h>
configure:3881: checking for grep that handles long lines and -e
configure:3955: result: /bin/grep
configure:3960: checking for egrep
configure:4038: result: /bin/grep -E
configure:4043: checking for ANSI C header files
configure:4073: gcc -c -g -O2  conftest.c >&5
configure:4079: $? = 0
configure:4178: gcc -o conftest -g -O2   conftest.c  >&5
configure:4181: $? = 0
configure:4187: ./conftest
configure:4190: $? = 0
configure:4207: result: yes
configure:4231: checking for sys/types.h
configure:4252: gcc -c -g -O2  conftest.c >&5
configure:4258: $? = 0
configure:4274: result: yes
configure:4231: checking for sys/stat.h
configure:4252: gcc -c -g -O2  conftest.c >&5
configure:4258: $? = 0
configure:4274: result: yes
configure:4231: checking for stdlib.h
configure:4252: gcc -c -g -O2  conftest.c >&5
configure:4258: $? = 0
configure:4274: result: yes
configure:4231: checking for string.h
configure:4252: gcc -c -g -O2  conftest.c >&5
configure:4258: $? = 0
configure:4274: result: yes
configure:4231: checking for memory.h
configure:4252: gcc -c -g -O2  conftest.c >&5
configure:4258: $? = 0
configure:4274: result: yes
configure:4231: checking for strings.h
configure:4252: gcc -c -g -O2  conftest.c >&5
configure:4258: $? = 0
configure:4274: result: yes
configure:4231: checking for inttypes.h
configure:4252: gcc -c -g -O2  conftest.c >&5
configure:4258: $? = 0
configure:4274: result: yes
configure:4231: checking for stdint.h
configure:4252: gcc -c -g -O2  conftest.c >&5
configure:4258: $? = 0
configure:4274: result: yes
configure:4231: checking for unistd.h
configure:4252: gcc -c -g -O2  conftest.c >&5
configure:4258: $? = 0
configure:4274: result: yes
configure:4301: checking sys/sockio.h usability
configure:4318: gcc -c -g -O2  conftest.c >&5
conftest.c:53:24: fatal error: sys/sockio.h: No such file or directory
compilation terminated.
configure:4324: $? = 1
configure: failed program was:
| /* confdefs.h.  */
| #define PACKAGE_NAME ""
| #define PACKAGE_TARNAME ""
| #define PACKAGE_VERSION ""
| #define PACKAGE_STRING ""
| #define PACKAGE_BUGREPORT ""
| #define PACKAGE "libnet"
| #define VERSION "1.1.2.1"
| #define STDC_HEADERS 1
| #define HAVE_SYS_TYPES_H 1
| #define HAVE_SYS_STAT_H 1
| #define HAVE_STDLIB_H 1
| #define HAVE_STRING_H 1
| #define HAVE_MEMORY_H 1
| #define HAVE_STRINGS_H 1
| #define HAVE_INTTYPES_H 1
| #define HAVE_STDINT_H 1
| #define HAVE_UNISTD_H 1
| /* end confdefs.h.  */
| #include <stdio.h>
| #ifdef HAVE_SYS_TYPES_H
| # include <sys/types.h>
| #endif
| #ifdef HAVE_SYS_STAT_H
| # include <sys/stat.h>
| #endif
| #ifdef STDC_HEADERS
| # include <stdlib.h>
| # include <stddef.h>
| #else
| # ifdef HAVE_STDLIB_H
| #  include <stdlib.h>
| # endif
| #endif
| #ifdef HAVE_STRING_H
| # if !defined STDC_HEADERS && defined HAVE_MEMORY_H
| #  include <memory.h>
| # endif
| # include <string.h>
| #endif
| #ifdef HAVE_STRINGS_H
| # include <strings.h>
| #endif
| #ifdef HAVE_INTTYPES_H
| # include <inttypes.h>
| #endif
| #ifdef HAVE_STDINT_H
| # include <stdint.h>
| #endif
| #ifdef HAVE_UNISTD_H
| # include <unistd.h>
| #endif
| #include <sys/sockio.h>
configure:4338: result: no
configure:4342: checking sys/sockio.h presence
configure:4357: gcc -E  conftest.c
conftest.c:20:24: fatal error: sys/sockio.h: No such file or directory
compilation terminated.
configure:4363: $? = 1
configure: failed program was:
| /* confdefs.h.  */
| #define PACKAGE_NAME ""
| #define PACKAGE_TARNAME ""
| #define PACKAGE_VERSION ""
| #define PACKAGE_STRING ""
| #define PACKAGE_BUGREPORT ""
| #define PACKAGE "libnet"
| #define VERSION "1.1.2.1"
| #define STDC_HEADERS 1
| #define HAVE_SYS_TYPES_H 1
| #define HAVE_SYS_STAT_H 1
| #define HAVE_STDLIB_H 1
| #define HAVE_STRING_H 1
| #define HAVE_MEMORY_H 1
| #define HAVE_STRINGS_H 1
| #define HAVE_INTTYPES_H 1
| #define HAVE_STDINT_H 1
| #define HAVE_UNISTD_H 1
| /* end confdefs.h.  */
| #include <sys/sockio.h>
configure:4377: result: no
configure:4405: checking for sys/sockio.h
configure:4413: result: no
configure:4428: checking machine endianess
configure:4482: result: lil
configure:4501: checking if unaligned accesses fail
configure:4563: result: no
configure:4582: checking whether gcc needs -traditional
configure:4624: result: no
configure:4641: checking for strerror
configure:4697: gcc -o conftest -g -O2 -Wall   conftest.c  >&5
configure:4703: $? = 0
configure:4721: result: yes
configure:4732: checking link-layer packet interface type
configure:4800: result: found linux primitives
configure:4803: checking for packet socket (PF_SOCKET)
configure:4871: result: test program got EPERM... assuming yes
configure:4891: checking for Linux proc filesystem
configure:4903: result: yes
configure:4990: checking net/ethernet.h usability
configure:5007: gcc -c -g -O2 -Wall  conftest.c >&5
configure:5013: $? = 0
configure:5027: result: yes
configure:5031: checking net/ethernet.h presence
configure:5046: gcc -E  conftest.c
configure:5052: $? = 0
configure:5066: result: yes
configure:5094: checking for net/ethernet.h
configure:5102: result: yes
configure:5989: creating ./config.status

## ---------------------- ##
## Running config.status. ##
## ---------------------- ##

This file was extended by config.status, which was
generated by GNU Autoconf 2.61.  Invocation command line was

  CONFIG_FILES    = 
  CONFIG_HEADERS  = 
  CONFIG_LINKS    = 
  CONFIG_COMMANDS = 
  $ ./config.status 

on elielsardanons

config.status:669: creating Makefile
config.status:809: WARNING:  Makefile.in seems to ignore the --datarootdir setting
config.status:669: creating src/Makefile
config.status:809: WARNING:  src/Makefile.in seems to ignore the --datarootdir setting
config.status:669: creating include/Makefile
config.status:669: creating include/libnet/Makefile
config.status:669: creating sample/Makefile
config.status:669: creating version.h
config.status:669: creating include/libnet.h
config.status:669: creating libnet-config
config.status:669: creating include/config.h
config.status:903: include/config.h is unchanged
config.status:949: executing depfiles commands
config.status:949: executing default commands

## ---------------- ##
## Cache variables. ##
## ---------------- ##

ac_cv_build=x86_64-unknown-linux-gnu
ac_cv_c_compiler_gnu=yes
ac_cv_env_CC_set=
ac_cv_env_CC_value=
ac_cv_env_CFLAGS_set=
ac_cv_env_CFLAGS_value=
ac_cv_env_CPPFLAGS_set=
ac_cv_env_CPPFLAGS_value=
ac_cv_env_CPP_set=
ac_cv_env_CPP_value=
ac_cv_env_LDFLAGS_set=
ac_cv_env_LDFLAGS_value=
ac_cv_env_LIBS_set=
ac_cv_env_LIBS_value=
ac_cv_env_build_alias_set=
ac_cv_env_build_alias_value=
ac_cv_env_host_alias_set=
ac_cv_env_host_alias_value=
ac_cv_env_target_alias_set=
ac_cv_env_target_alias_value=
ac_cv_func_strerror=yes
ac_cv_header_inttypes_h=yes
ac_cv_header_memory_h=yes
ac_cv_header_net_ethernet_h=yes
ac_cv_header_stdc=yes
ac_cv_header_stdint_h=yes
ac_cv_header_stdlib_h=yes
ac_cv_header_string_h=yes
ac_cv_header_strings_h=yes
ac_cv_header_sys_sockio_h=no
ac_cv_header_sys_stat_h=yes
ac_cv_header_sys_types_h=yes
ac_cv_header_unistd_h=yes
ac_cv_host=x86_64-unknown-linux-gnu
ac_cv_lbl_unaligned_fail=no
ac_cv_libnet_endianess=lil
ac_cv_libnet_linux_procfs=yes
ac_cv_objext=o
ac_cv_path_EGREP='/bin/grep -E'
ac_cv_path_GREP=/bin/grep
ac_cv_path_install='/usr/bin/install -c'
ac_cv_path_mkdir=/bin/mkdir
ac_cv_prog_AWK=mawk
ac_cv_prog_CPP='gcc -E'
ac_cv_prog_ac_ct_CC=gcc
ac_cv_prog_ac_ct_RANLIB=ranlib
ac_cv_prog_cc_c89=
ac_cv_prog_cc_g=yes
ac_cv_prog_gcc_traditional=no
ac_cv_prog_make_make_set=yes
ac_cv_target=x86_64-unknown-linux-gnu
am_cv_CC_dependencies_compiler_type=none

## ----------------- ##
## Output variables. ##
## ----------------- ##

ACLOCAL='${SHELL} /home/eliel/locust/libs/libnet/missing --run aclocal-1.10'
ADDITIONAL_LIBS=''
AMDEPBACKSLASH='\'
AMDEP_FALSE='#'
AMDEP_TRUE=''
AMTAR='${SHELL} /home/eliel/locust/libs/libnet/missing --run tar'
AUTOCONF='${SHELL} /home/eliel/locust/libs/libnet/missing --run autoconf'
AUTOHEADER='${SHELL} /home/eliel/locust/libs/libnet/missing --run autoheader'
AUTOMAKE='${SHELL} /home/eliel/locust/libs/libnet/missing --run automake-1.10'
AWK='mawk'
CC='gcc'
CCDEPMODE='depmode=none'
CFLAGS='-g -O2 -Wall'
CPP='gcc -E'
CPPFLAGS=''
CYGPATH_W='echo'
DEFS='-DHAVE_CONFIG_H'
DEPDIR='.deps'
ECHO_C=''
ECHO_N='-n'
ECHO_T=''
EGREP='/bin/grep -E'
ENDIANESS='LIBNET_LIL_ENDIAN'
EXEEXT=''
GREP='/bin/grep'
HAVE_PACKET_SOCKET=''
INSTALL_DATA='${INSTALL} -m 644'
INSTALL_PROGRAM='${INSTALL}'
INSTALL_SCRIPT='${INSTALL}'
INSTALL_STRIP_PROGRAM='$(install_sh) -c -s'
LDFLAGS=''
LIBNET_CONFIG_CFLAGS=''
LIBNET_CONFIG_DEFINES='-D_BSD_SOURCE -D__BSD_SOURCE -D__FAVOR_BSD -DHAVE_NET_ETHERNET_H'
LIBNET_CONFIG_LIBS=''
LIBNET_VERSION='1.1.2.1'
LIBOBJS=' ${LIBOBJDIR}libnet_link_linux$U.o'
LIBS=''
LTLIBOBJS=' ${LIBOBJDIR}libnet_link_linux$U.lo'
MAINT='#'
MAINTAINER_MODE_FALSE=''
MAINTAINER_MODE_TRUE='#'
MAKEINFO='${SHELL} /home/eliel/locust/libs/libnet/missing --run makeinfo'
OBJEXT='o'
PACKAGE='libnet'
PACKAGE_BUGREPORT=''
PACKAGE_NAME=''
PACKAGE_STRING=''
PACKAGE_TARNAME=''
PACKAGE_VERSION=''
PATH_SEPARATOR=':'
RANLIB='ranlib'
SET_MAKE=''
SHELL='/bin/bash'
STRIP=''
VERSION='1.1.2.1'
ac_ct_CC='gcc'
am__fastdepCC_FALSE=''
am__fastdepCC_TRUE='#'
am__include='include'
am__isrc=''
am__leading_dot='.'
am__quote=''
am__tar='${AMTAR} chof - "$$tardir"'
am__untar='${AMTAR} xf -'
bindir='${exec_prefix}/bin'
build='x86_64-unknown-linux-gnu'
build_alias=''
build_cpu='x86_64'
build_os='linux-gnu'
build_vendor='unknown'
datadir='${datarootdir}'
datarootdir='${prefix}/share'
docdir='${datarootdir}/doc/${PACKAGE}'
dvidir='${docdir}'
exec_prefix='${prefix}'
host='x86_64-unknown-linux-gnu'
host_alias=''
host_cpu='x86_64'
host_os='linux-gnu'
host_vendor='unknown'
htmldir='${docdir}'
includedir='${prefix}/include'
infodir='${datarootdir}/info'
install_sh='$(SHELL) /home/eliel/locust/libs/libnet/install-sh'
libdir='${exec_prefix}/lib'
libexecdir='${exec_prefix}/libexec'
localedir='${datarootdir}/locale'
localstatedir='${prefix}/var'
mandir='${datarootdir}/man'
mkdir_p='/bin/mkdir -p'
oldincludedir='/usr/include'
pdfdir='${docdir}'
prefix='/usr/local'
program_transform_name='s,x,x,'
psdir='${docdir}'
sbindir='${exec_prefix}/sbin'
sharedstatedir='${prefix}/com'
sysconfdir='${prefix}/etc'
target='x86_64-unknown-linux-gnu'
target_alias=''
target_cpu='x86_64'
target_os='linux-gnu'
target_vendor='unknown'

## ----------- ##
## confdefs.h. ##
## ----------- ##

#define PACKAGE_NAME ""
#define PACKAGE_TARNAME ""
#define PACKAGE_VERSION ""
#define PACKAGE_STRING ""
#define PACKAGE_BUGREPORT ""
#define PACKAGE "libnet"
#define VERSION "1.1.2.1"
#define STDC_HEADERS 1
#define HAVE_SYS_TYPES_H 1
#define HAVE_SYS_STAT_H 1
#define HAVE_STDLIB_H 1
#define HAVE_STRING_H 1
#define HAVE_MEMORY_H 1
#define HAVE_STRINGS_H 1
#define HAVE_INTTYPES_H 1
#define HAVE_STDINT_H 1
#define HAVE_UNISTD_H 1
#define LIBNET_LIL_ENDIAN 1
#define HAVE_STRERROR 1
#define HAVE_PACKET_SOCKET 1
#define HAVE_LINUX_PROCFS 1
#define _BSD_SOURCE 1
#define __BSD_SOURCE 1
#define __FAVOR_BSD 1
#define HAVE_NET_ETHERNET_H 1

configure: exit 0
