This file contains any messages produced by compilers while
running configure, to aid debugging if configure makes a mistake.

It was created by libedit configure 2.11, which was
generated by GNU Autoconf 2.61.  Invocation command line was

  $ ./configure --disable-option-checking --prefix=/usr/local --cache-file=/dev/null --srcdir=.

## --------- ##
## Platform. ##
## --------- ##

hostname = elielsardanons
uname -m = x86_64
uname -r = 3.13.0-117-generic
uname -s = Linux
uname -v = #164~precise1-Ubuntu SMP Mon Apr 10 16:16:25 UTC 2017

/usr/bin/uname -p = unknown
/bin/uname -X     = unknown

/bin/arch              = unknown
/usr/bin/arch -k       = unknown
/usr/convex/getsysinfo = unknown
/usr/bin/hostinfo      = unknown
/bin/machine           = unknown
/usr/bin/oslevel       = unknown
/bin/universe          = unknown

PATH: /usr/lib/lightdm/lightdm
PATH: /usr/local/sbin
PATH: /usr/local/bin
PATH: /usr/sbin
PATH: /usr/bin
PATH: /sbin
PATH: /bin
PATH: /usr/games
PATH: /usr/lib/jvm/java-8-oracle/bin
PATH: /usr/lib/jvm/java-8-oracle/db/bin
PATH: /usr/lib/jvm/java-8-oracle/jre/bin


## ----------- ##
## Core tests. ##
## ----------- ##

configure:1985: checking for a BSD-compatible install
configure:2041: result: /usr/bin/install -c
configure:2052: checking whether build environment is sane
configure:2095: result: yes
configure:2123: checking for a thread-safe mkdir -p
configure:2162: result: /bin/mkdir -p
configure:2175: checking for gawk
configure:2205: result: no
configure:2175: checking for mawk
configure:2191: found /usr/bin/mawk
configure:2202: result: mawk
configure:2213: checking whether make sets $(MAKE)
configure:2234: result: yes
configure:2500: checking build system type
configure:2518: result: x86_64-unknown-linux-gnu
configure:2540: checking host system type
configure:2555: result: x86_64-unknown-linux-gnu
configure:2589: checking for style of include used by make
configure:2617: result: GNU
configure:2687: checking for gcc
configure:2703: found /usr/bin/gcc
configure:2714: result: gcc
configure:2952: checking for C compiler version
configure:2959: gcc --version >&5
gcc (Ubuntu/Linaro 4.6.3-1ubuntu5) 4.6.3
Copyright (C) 2011 Free Software Foundation, Inc.
This is free software; see the source for copying conditions.  There is NO
warranty; not even for MERCHANTABILITY or FITNESS FOR A PARTICULAR PURPOSE.

configure:2962: $? = 0
configure:2969: gcc -v >&5
Using built-in specs.
COLLECT_GCC=gcc
COLLECT_LTO_WRAPPER=/usr/lib/gcc/x86_64-linux-gnu/4.6/lto-wrapper
Target: x86_64-linux-gnu
Configured with: ../src/configure -v --with-pkgversion='Ubuntu/Linaro 4.6.3-1ubuntu5' --with-bugurl=file:///usr/share/doc/gcc-4.6/README.Bugs --enable-languages=c,c++,fortran,objc,obj-c++ --prefix=/usr --program-suffix=-4.6 --enable-shared --enable-linker-build-id --with-system-zlib --libexecdir=/usr/lib --without-included-gettext --enable-threads=posix --with-gxx-include-dir=/usr/include/c++/4.6 --libdir=/usr/lib --enable-nls --with-sysroot=/ --enable-clocale=gnu --enable-libstdcxx-debug --enable-libstdcxx-time=yes --enable-gnu-unique-object --enable-plugin --enable-objc-gc --disable-werror --with-arch-32=i686 --with-tune=generic --enable-checking=release --build=x86_64-linux-gnu --host=x86_64-linux-gnu --target=x86_64-linux-gnu
Thread model: posix
gcc version 4.6.3 (Ubuntu/Linaro 4.6.3-1ubuntu5) 
configure:2972: $? = 0
configure:2979: gcc -V >&5
gcc: error: unrecognized option '-V'
gcc: fatal error: no input files
compilation terminated.
configure:2982: $? = 4
configure:3005: checking for C compiler default output file name
configure:3032: gcc    conftest.c  >&5
configure:3035: $? = 0
configure:3073: result: a.out
configure:3090: checking whether the C compiler works
configure:3100: ./a.out
configure:3103: $? = 0
configure:3120: result: yes
configure:3127: checking whether we are cross compiling
configure:3129: result: no
configure:3132: checking for suffix of executables
configure:3139: gcc -o conftest    conftest.c  >&5
configure:3142: $? = 0
configure:3166: result: 
configure:3172: checking for suffix of object files
configure:3198: gcc -c   conftest.c >&5
configure:3201: $? = 0
configure:3224: result: o
configure:3228: checking whether we are using the GNU C compiler
configure:3257: gcc -c   conftest.c >&5
configure:3263: $? = 0
configure:3280: result: yes
configure:3285: checking whether gcc accepts -g
configure:3315: gcc -c -g  conftest.c >&5
configure:3321: $? = 0
configure:3420: result: yes
configure:3437: checking for gcc option to accept ISO C89
configure:3511: gcc  -c -g -O2  conftest.c >&5
configure:3517: $? = 0
configure:3540: result: none needed
configure:3560: checking dependency style of gcc
configure:3651: result: gcc3
configure:3666: checking for a sed that does not truncate output
configure:3720: result: /bin/sed
configure:3723: checking for grep that handles long lines and -e
configure:3797: result: /bin/grep
configure:3802: checking for egrep
configure:3880: result: /bin/grep -E
configure:3896: checking for ld used by gcc
configure:3963: result: /usr/bin/ld
configure:3972: checking if the linker (/usr/bin/ld) is GNU ld
configure:3987: result: yes
configure:3992: checking for /usr/bin/ld option to reload object files
configure:3999: result: -r
configure:4017: checking for BSD-compatible nm
configure:4066: result: /usr/bin/nm -B
configure:4070: checking whether ln -s works
configure:4074: result: yes
configure:4081: checking how to recognise dependent libraries
configure:4257: result: pass_all
configure:4345: gcc -c -g -O2  conftest.c >&5
configure:4348: $? = 0
configure:4491: checking how to run the C preprocessor
configure:4531: gcc -E  conftest.c
configure:4537: $? = 0
configure:4568: gcc -E  conftest.c
conftest.c:10:28: fatal error: ac_nonexistent.h: No such file or directory
compilation terminated.
configure:4574: $? = 1
configure: failed program was:
| /* confdefs.h.  */
| #define PACKAGE_NAME "libedit"
| #define PACKAGE_TARNAME "libedit-20081220"
| #define PACKAGE_VERSION "2.11"
| #define PACKAGE_STRING "libedit 2.11"
| #define PACKAGE_BUGREPORT ""
| #define PACKAGE "libedit-20081220"
| #define VERSION "2.11"
| /* end confdefs.h.  */
| #include <ac_nonexistent.h>
configure:4607: result: gcc -E
configure:4636: gcc -E  conftest.c
configure:4642: $? = 0
configure:4673: gcc -E  conftest.c
conftest.c:10:28: fatal error: ac_nonexistent.h: No such file or directory
compilation terminated.
configure:4679: $? = 1
configure: failed program was:
| /* confdefs.h.  */
| #define PACKAGE_NAME "libedit"
| #define PACKAGE_TARNAME "libedit-20081220"
| #define PACKAGE_VERSION "2.11"
| #define PACKAGE_STRING "libedit 2.11"
| #define PACKAGE_BUGREPORT ""
| #define PACKAGE "libedit-20081220"
| #define VERSION "2.11"
| /* end confdefs.h.  */
| #include <ac_nonexistent.h>
configure:4717: checking for ANSI C header files
configure:4747: gcc -c -g -O2  conftest.c >&5
configure:4753: $? = 0
configure:4852: gcc -o conftest -g -O2   conftest.c  >&5
configure:4855: $? = 0
configure:4861: ./conftest
configure:4864: $? = 0
configure:4881: result: yes
configure:4905: checking for sys/types.h
configure:4926: gcc -c -g -O2  conftest.c >&5
configure:4932: $? = 0
configure:4948: result: yes
configure:4905: checking for sys/stat.h
configure:4926: gcc -c -g -O2  conftest.c >&5
configure:4932: $? = 0
configure:4948: result: yes
configure:4905: checking for stdlib.h
configure:4926: gcc -c -g -O2  conftest.c >&5
configure:4932: $? = 0
configure:4948: result: yes
configure:4905: checking for string.h
configure:4926: gcc -c -g -O2  conftest.c >&5
configure:4932: $? = 0
configure:4948: result: yes
configure:4905: checking for memory.h
configure:4926: gcc -c -g -O2  conftest.c >&5
configure:4932: $? = 0
configure:4948: result: yes
configure:4905: checking for strings.h
configure:4926: gcc -c -g -O2  conftest.c >&5
configure:4932: $? = 0
configure:4948: result: yes
configure:4905: checking for inttypes.h
configure:4926: gcc -c -g -O2  conftest.c >&5
configure:4932: $? = 0
configure:4948: result: yes
configure:4905: checking for stdint.h
configure:4926: gcc -c -g -O2  conftest.c >&5
configure:4932: $? = 0
configure:4948: result: yes
configure:4905: checking for unistd.h
configure:4926: gcc -c -g -O2  conftest.c >&5
configure:4932: $? = 0
configure:4948: result: yes
configure:4975: checking dlfcn.h usability
configure:4992: gcc -c -g -O2  conftest.c >&5
configure:4998: $? = 0
configure:5012: result: yes
configure:5016: checking dlfcn.h presence
configure:5031: gcc -E  conftest.c
configure:5037: $? = 0
configure:5051: result: yes
configure:5079: checking for dlfcn.h
configure:5087: result: yes
configure:5158: checking for g++
configure:5174: found /usr/bin/g++
configure:5185: result: g++
configure:5216: checking for C++ compiler version
configure:5223: g++ --version >&5
g++ (Ubuntu/Linaro 4.6.3-1ubuntu5) 4.6.3
Copyright (C) 2011 Free Software Foundation, Inc.
This is free software; see the source for copying conditions.  There is NO
warranty; not even for MERCHANTABILITY or FITNESS FOR A PARTICULAR PURPOSE.

configure:5226: $? = 0
configure:5233: g++ -v >&5
Using built-in specs.
COLLECT_GCC=g++
COLLECT_LTO_WRAPPER=/usr/lib/gcc/x86_64-linux-gnu/4.6/lto-wrapper
Target: x86_64-linux-gnu
Configured with: ../src/configure -v --with-pkgversion='Ubuntu/Linaro 4.6.3-1ubuntu5' --with-bugurl=file:///usr/share/doc/gcc-4.6/README.Bugs --enable-languages=c,c++,fortran,objc,obj-c++ --prefix=/usr --program-suffix=-4.6 --enable-shared --enable-linker-build-id --with-system-zlib --libexecdir=/usr/lib --without-included-gettext --enable-threads=posix --with-gxx-include-dir=/usr/include/c++/4.6 --libdir=/usr/lib --enable-nls --with-sysroot=/ --enable-clocale=gnu --enable-libstdcxx-debug --enable-libstdcxx-time=yes --enable-gnu-unique-object --enable-plugin --enable-objc-gc --disable-werror --with-arch-32=i686 --with-tune=generic --enable-checking=release --build=x86_64-linux-gnu --host=x86_64-linux-gnu --target=x86_64-linux-gnu
Thread model: posix
gcc version 4.6.3 (Ubuntu/Linaro 4.6.3-1ubuntu5) 
configure:5236: $? = 0
configure:5243: g++ -V >&5
g++: error: unrecognized option '-V'
g++: fatal error: no input files
compilation terminated.
configure:5246: $? = 4
configure:5249: checking whether we are using the GNU C++ compiler
configure:5278: g++ -c   conftest.cpp >&5
configure:5284: $? = 0
configure:5301: result: yes
configure:5306: checking whether g++ accepts -g
configure:5336: g++ -c -g  conftest.cpp >&5
configure:5342: $? = 0
configure:5441: result: yes
configure:5466: checking dependency style of g++
configure:5557: result: gcc3
configure:5582: checking how to run the C++ preprocessor
configure:5618: g++ -E  conftest.cpp
configure:5624: $? = 0
configure:5655: g++ -E  conftest.cpp
conftest.cpp:21:28: fatal error: ac_nonexistent.h: No such file or directory
compilation terminated.
configure:5661: $? = 1
configure: failed program was:
| /* confdefs.h.  */
| #define PACKAGE_NAME "libedit"
| #define PACKAGE_TARNAME "libedit-20081220"
| #define PACKAGE_VERSION "2.11"
| #define PACKAGE_STRING "libedit 2.11"
| #define PACKAGE_BUGREPORT ""
| #define PACKAGE "libedit-20081220"
| #define VERSION "2.11"
| #define STDC_HEADERS 1
| #define HAVE_SYS_TYPES_H 1
| #define HAVE_SYS_STAT_H 1
| #define HAVE_STDLIB_H 1
| #define HAVE_STRING_H 1
| #define HAVE_MEMORY_H 1
| #define HAVE_STRINGS_H 1
| #define HAVE_INTTYPES_H 1
| #define HAVE_STDINT_H 1
| #define HAVE_UNISTD_H 1
| #define HAVE_DLFCN_H 1
| /* end confdefs.h.  */
| #include <ac_nonexistent.h>
configure:5694: result: g++ -E
configure:5723: g++ -E  conftest.cpp
configure:5729: $? = 0
configure:5760: g++ -E  conftest.cpp
conftest.cpp:21:28: fatal error: ac_nonexistent.h: No such file or directory
compilation terminated.
configure:5766: $? = 1
configure: failed program was:
| /* confdefs.h.  */
| #define PACKAGE_NAME "libedit"
| #define PACKAGE_TARNAME "libedit-20081220"
| #define PACKAGE_VERSION "2.11"
| #define PACKAGE_STRING "libedit 2.11"
| #define PACKAGE_BUGREPORT ""
| #define PACKAGE "libedit-20081220"
| #define VERSION "2.11"
| #define STDC_HEADERS 1
| #define HAVE_SYS_TYPES_H 1
| #define HAVE_SYS_STAT_H 1
| #define HAVE_STDLIB_H 1
| #define HAVE_STRING_H 1
| #define HAVE_MEMORY_H 1
| #define HAVE_STRINGS_H 1
| #define HAVE_INTTYPES_H 1
| #define HAVE_STDINT_H 1
| #define HAVE_UNISTD_H 1
| #define HAVE_DLFCN_H 1
| /* end confdefs.h.  */
| #include <ac_nonexistent.h>
configure:5859: checking for g77
configure:5889: result: no
configure:5859: checking for xlf
configure:5889: result: no
configure:5859: checking for f77
configure:5889: result: no
configure:5859: checking for frt
configure:5889: result: no
configure:5859: checking for pgf77
configure:5889: result: no
configure:5859: checking for cf77
configure:5889: result: no
configure:5859: checking for fort77
configure:5889: result: no
configure:5859: checking for fl32
configure:5889: result: no
configure:5859: checking for af77
configure:5889: result: no
configure:5859: checking for xlf90
configure:5889: result: no
configure:5859: checking for f90
configure:5889: result: no
configure:5859: checking for pgf90
configure:5889: result: no
configure:5859: checking for pghpf
configure:5889: result: no
configure:5859: checking for epcf90
configure:5889: result: no
configure:5859: checking for gfortran
configure:5889: result: no
configure:5859: checking for g95
configure:5889: result: no
configure:5859: checking for xlf95
configure:5889: result: no
configure:5859: checking for f95
configure:5889: result: no
configure:5859: checking for fort
configure:5889: result: no
configure:5859: checking for ifort
configure:5889: result: no
configure:5859: checking for ifc
configure:5889: result: no
configure:5859: checking for efc
configure:5889: result: no
configure:5859: checking for pgf95
configure:5889: result: no
configure:5859: checking for lf95
configure:5889: result: no
configure:5859: checking for ftn
configure:5889: result: no
configure:5916: checking for Fortran 77 compiler version
configure:5923:  --version >&5
./configure: line 5924: --version: command not found
configure:5926: $? = 127
configure:5933:  -v >&5
./configure: line 5934: -v: command not found
configure:5936: $? = 127
configure:5943:  -V >&5
./configure: line 5944: -V: command not found
configure:5946: $? = 127
configure:5954: checking whether we are using the GNU Fortran 77 compiler
configure:5973:  -c  conftest.F >&5
./configure: line 5974: -c: command not found
configure:5979: $? = 127
configure: failed program was:
|       program main
| #ifndef __GNUC__
|        choke me
| #endif
| 
|       end
configure:5996: result: no
configure:6002: checking whether  accepts -g
configure:6019:  -c -g conftest.f >&5
./configure: line 6020: -c: command not found
configure:6025: $? = 127
configure: failed program was:
|       program main
| 
|       end
configure:6041: result: no
configure:6071: checking the maximum length of command line arguments
configure:6180: result: 32768
configure:6191: checking command to parse /usr/bin/nm -B output from gcc object
configure:6296: gcc -c -g -O2  conftest.c >&5
configure:6299: $? = 0
configure:6303: /usr/bin/nm -B conftest.o \| sed -n -e 's/^.*[ 	]\([ABCDGIRSTW][ABCDGIRSTW]*\)[ 	][ 	]*\([_A-Za-z][_A-Za-z0-9]*\)$/\1 \2 \2/p' \> conftest.nm
configure:6306: $? = 0
configure:6358: gcc -o conftest -g -O2   conftest.c conftstm.o >&5
configure:6361: $? = 0
configure:6399: result: ok
configure:6403: checking for objdir
configure:6418: result: .libs
configure:6510: checking for ar
configure:6526: found /usr/bin/ar
configure:6537: result: ar
configure:6606: checking for ranlib
configure:6622: found /usr/bin/ranlib
configure:6633: result: ranlib
configure:6702: checking for strip
configure:6718: found /usr/bin/strip
configure:6729: result: strip
configure:7015: checking if gcc supports -fno-rtti -fno-exceptions
configure:7033: gcc -c -g -O2  -fno-rtti -fno-exceptions conftest.c >&5
cc1: warning: command line option '-fno-rtti' is valid for C++/ObjC++ but not for C [enabled by default]
configure:7037: $? = 0
configure:7050: result: no
configure:7065: checking for gcc option to produce PIC
configure:7275: result: -fPIC
configure:7283: checking if gcc PIC flag -fPIC works
configure:7301: gcc -c -g -O2  -fPIC -DPIC conftest.c >&5
configure:7305: $? = 0
configure:7318: result: yes
configure:7346: checking if gcc static flag -static works
configure:7374: result: yes
configure:7384: checking if gcc supports -c -o file.o
configure:7405: gcc -c -g -O2  -o out/conftest2.o conftest.c >&5
configure:7409: $? = 0
configure:7431: result: yes
configure:7457: checking whether the gcc linker (/usr/bin/ld -m elf_x86_64) supports shared libraries
configure:8412: result: yes
configure:8433: checking whether -lc should be explicitly linked in
configure:8438: gcc -c -g -O2  conftest.c >&5
configure:8441: $? = 0
configure:8456: gcc -shared conftest.o  -v -Wl,-soname -Wl,conftest -o conftest 2\>\&1 \| grep  -lc  \>/dev/null 2\>\&1
configure:8459: $? = 0
configure:8471: result: no
configure:8479: checking dynamic linker characteristics
configure:9055: result: GNU/Linux ld.so
configure:9064: checking how to hardcode library paths into programs
configure:9089: result: immediate
configure:9103: checking whether stripping libraries is possible
configure:9108: result: yes
configure:9909: checking if libtool supports shared libraries
configure:9911: result: yes
configure:9914: checking whether to build shared libraries
configure:9935: result: yes
configure:9938: checking whether to build static libraries
configure:9942: result: yes
configure:10034: creating libtool
configure:10622: checking for ld used by g++
configure:10689: result: /usr/bin/ld -m elf_x86_64
configure:10698: checking if the linker (/usr/bin/ld -m elf_x86_64) is GNU ld
configure:10713: result: yes
configure:10764: checking whether the g++ linker (/usr/bin/ld -m elf_x86_64) supports shared libraries
configure:11698: result: yes
configure:11716: g++ -c -g -O2  conftest.cpp >&5
configure:11719: $? = 0
configure:11838: checking for g++ option to produce PIC
configure:12112: result: -fPIC
configure:12120: checking if g++ PIC flag -fPIC works
configure:12138: g++ -c -g -O2  -fPIC -DPIC conftest.cpp >&5
configure:12142: $? = 0
configure:12155: result: yes
configure:12183: checking if g++ static flag -static works
configure:12211: result: yes
configure:12221: checking if g++ supports -c -o file.o
configure:12242: g++ -c -g -O2  -o out/conftest2.o conftest.cpp >&5
configure:12246: $? = 0
configure:12268: result: yes
configure:12294: checking whether the g++ linker (/usr/bin/ld -m elf_x86_64) supports shared libraries
configure:12322: result: yes
configure:12389: checking dynamic linker characteristics
configure:12965: result: GNU/Linux ld.so
configure:12974: checking how to hardcode library paths into programs
configure:12999: result: immediate
configure:19248: checking for C++ compiler version
configure:19255: g++ --version >&5
g++ (Ubuntu/Linaro 4.6.3-1ubuntu5) 4.6.3
Copyright (C) 2011 Free Software Foundation, Inc.
This is free software; see the source for copying conditions.  There is NO
warranty; not even for MERCHANTABILITY or FITNESS FOR A PARTICULAR PURPOSE.

configure:19258: $? = 0
configure:19265: g++ -v >&5
Using built-in specs.
COLLECT_GCC=g++
COLLECT_LTO_WRAPPER=/usr/lib/gcc/x86_64-linux-gnu/4.6/lto-wrapper
Target: x86_64-linux-gnu
Configured with: ../src/configure -v --with-pkgversion='Ubuntu/Linaro 4.6.3-1ubuntu5' --with-bugurl=file:///usr/share/doc/gcc-4.6/README.Bugs --enable-languages=c,c++,fortran,objc,obj-c++ --prefix=/usr --program-suffix=-4.6 --enable-shared --enable-linker-build-id --with-system-zlib --libexecdir=/usr/lib --without-included-gettext --enable-threads=posix --with-gxx-include-dir=/usr/include/c++/4.6 --libdir=/usr/lib --enable-nls --with-sysroot=/ --enable-clocale=gnu --enable-libstdcxx-debug --enable-libstdcxx-time=yes --enable-gnu-unique-object --enable-plugin --enable-objc-gc --disable-werror --with-arch-32=i686 --with-tune=generic --enable-checking=release --build=x86_64-linux-gnu --host=x86_64-linux-gnu --target=x86_64-linux-gnu
Thread model: posix
gcc version 4.6.3 (Ubuntu/Linaro 4.6.3-1ubuntu5) 
configure:19268: $? = 0
configure:19275: g++ -V >&5
g++: error: unrecognized option '-V'
g++: fatal error: no input files
compilation terminated.
configure:19278: $? = 4
configure:19281: checking whether we are using the GNU C++ compiler
configure:19333: result: yes
configure:19338: checking whether g++ accepts -g
configure:19473: result: yes
configure:19498: checking dependency style of g++
configure:19589: result: gcc3
configure:19652: checking for gcc
configure:19679: result: gcc
configure:19917: checking for C compiler version
configure:19924: gcc --version >&5
gcc (Ubuntu/Linaro 4.6.3-1ubuntu5) 4.6.3
Copyright (C) 2011 Free Software Foundation, Inc.
This is free software; see the source for copying conditions.  There is NO
warranty; not even for MERCHANTABILITY or FITNESS FOR A PARTICULAR PURPOSE.

configure:19927: $? = 0
configure:19934: gcc -v >&5
Using built-in specs.
COLLECT_GCC=gcc
COLLECT_LTO_WRAPPER=/usr/lib/gcc/x86_64-linux-gnu/4.6/lto-wrapper
Target: x86_64-linux-gnu
Configured with: ../src/configure -v --with-pkgversion='Ubuntu/Linaro 4.6.3-1ubuntu5' --with-bugurl=file:///usr/share/doc/gcc-4.6/README.Bugs --enable-languages=c,c++,fortran,objc,obj-c++ --prefix=/usr --program-suffix=-4.6 --enable-shared --enable-linker-build-id --with-system-zlib --libexecdir=/usr/lib --without-included-gettext --enable-threads=posix --with-gxx-include-dir=/usr/include/c++/4.6 --libdir=/usr/lib --enable-nls --with-sysroot=/ --enable-clocale=gnu --enable-libstdcxx-debug --enable-libstdcxx-time=yes --enable-gnu-unique-object --enable-plugin --enable-objc-gc --disable-werror --with-arch-32=i686 --with-tune=generic --enable-checking=release --build=x86_64-linux-gnu --host=x86_64-linux-gnu --target=x86_64-linux-gnu
Thread model: posix
gcc version 4.6.3 (Ubuntu/Linaro 4.6.3-1ubuntu5) 
configure:19937: $? = 0
configure:19944: gcc -V >&5
gcc: error: unrecognized option '-V'
gcc: fatal error: no input files
compilation terminated.
configure:19947: $? = 4
configure:19950: checking whether we are using the GNU C compiler
configure:20002: result: yes
configure:20007: checking whether gcc accepts -g
configure:20142: result: yes
configure:20159: checking for gcc option to accept ISO C89
configure:20262: result: none needed
configure:20282: checking dependency style of gcc
configure:20373: result: gcc3
configure:20388: checking whether ln -s works
configure:20392: result: yes
configure:20403: checking for gawk
configure:20430: result: mawk
configure:20448: checking for nroff
configure:20466: found /usr/bin/nroff
configure:20478: result: /usr/bin/nroff
configure:20497: checking for tgetent in -lcurses
configure:20532: gcc -o conftest -g -O2   conftest.c -lcurses   >&5
configure:20538: $? = 0
configure:20556: result: yes
configure:20647: checking for working alloca.h
configure:20674: gcc -o conftest -g -O2   conftest.c -lcurses  >&5
configure:20680: $? = 0
configure:20697: result: yes
configure:20707: checking for alloca
configure:20754: gcc -o conftest -g -O2   conftest.c -lcurses  >&5
configure:20760: $? = 0
configure:20777: result: yes
configure:21012: checking for dirent.h that defines DIR
configure:21041: gcc -c -g -O2  conftest.c >&5
configure:21047: $? = 0
configure:21063: result: yes
configure:21076: checking for library containing opendir
configure:21117: gcc -o conftest -g -O2   conftest.c -lcurses  >&5
configure:21123: $? = 0
configure:21151: result: none required
configure:21245: checking for ANSI C header files
configure:21409: result: yes
configure:21419: checking for sys/wait.h that is POSIX.1 compatible
configure:21455: gcc -c -g -O2  conftest.c >&5
configure:21461: $? = 0
configure:21476: result: yes
configure:21511: checking fcntl.h usability
configure:21528: gcc -c -g -O2  conftest.c >&5
configure:21534: $? = 0
configure:21548: result: yes
configure:21552: checking fcntl.h presence
configure:21567: gcc -E  conftest.c
configure:21573: $? = 0
configure:21587: result: yes
configure:21615: checking for fcntl.h
configure:21623: result: yes
configure:21511: checking limits.h usability
configure:21528: gcc -c -g -O2  conftest.c >&5
configure:21534: $? = 0
configure:21548: result: yes
configure:21552: checking limits.h presence
configure:21567: gcc -E  conftest.c
configure:21573: $? = 0
configure:21587: result: yes
configure:21615: checking for limits.h
configure:21623: result: yes
configure:21511: checking malloc.h usability
configure:21528: gcc -c -g -O2  conftest.c >&5
configure:21534: $? = 0
configure:21548: result: yes
configure:21552: checking malloc.h presence
configure:21567: gcc -E  conftest.c
configure:21573: $? = 0
configure:21587: result: yes
configure:21615: checking for malloc.h
configure:21623: result: yes
configure:21501: checking for stdlib.h
configure:21507: result: yes
configure:21501: checking for string.h
configure:21507: result: yes
configure:21511: checking sys/ioctl.h usability
configure:21528: gcc -c -g -O2  conftest.c >&5
configure:21534: $? = 0
configure:21548: result: yes
configure:21552: checking sys/ioctl.h presence
configure:21567: gcc -E  conftest.c
configure:21573: $? = 0
configure:21587: result: yes
configure:21615: checking for sys/ioctl.h
configure:21623: result: yes
configure:21511: checking sys/param.h usability
configure:21528: gcc -c -g -O2  conftest.c >&5
configure:21534: $? = 0
configure:21548: result: yes
configure:21552: checking sys/param.h presence
configure:21567: gcc -E  conftest.c
configure:21573: $? = 0
configure:21587: result: yes
configure:21615: checking for sys/param.h
configure:21623: result: yes
configure:21501: checking for unistd.h
configure:21507: result: yes
configure:21511: checking curses.h usability
configure:21528: gcc -c -g -O2  conftest.c >&5
configure:21534: $? = 0
configure:21548: result: yes
configure:21552: checking curses.h presence
configure:21567: gcc -E  conftest.c
configure:21573: $? = 0
configure:21587: result: yes
configure:21615: checking for curses.h
configure:21623: result: yes
configure:21511: checking ncurses.h usability
configure:21528: gcc -c -g -O2  conftest.c >&5
configure:21534: $? = 0
configure:21548: result: yes
configure:21552: checking ncurses.h presence
configure:21567: gcc -E  conftest.c
configure:21573: $? = 0
configure:21587: result: yes
configure:21615: checking for ncurses.h
configure:21623: result: yes
configure:21511: checking sys/cdefs.h usability
configure:21528: gcc -c -g -O2  conftest.c >&5
configure:21534: $? = 0
configure:21548: result: yes
configure:21552: checking sys/cdefs.h presence
configure:21567: gcc -E  conftest.c
configure:21573: $? = 0
configure:21587: result: yes
configure:21615: checking for sys/cdefs.h
configure:21623: result: yes
configure:21647: checking termios.h usability
configure:21664: gcc -c -g -O2  conftest.c >&5
configure:21670: $? = 0
configure:21684: result: yes
configure:21688: checking termios.h presence
configure:21703: gcc -E  conftest.c
configure:21709: $? = 0
configure:21723: result: yes
configure:21751: checking for termios.h
configure:21758: result: yes
configure:21790: checking for term.h
configure:21816: gcc -c -g -O2  conftest.c >&5
configure:21822: $? = 0
configure:21838: result: yes
configure:21851: checking for an ANSI C-conforming const
configure:21926: gcc -c -g -O2  conftest.c >&5
configure:21932: $? = 0
configure:21947: result: yes
configure:21957: checking for pid_t
configure:21987: gcc -c -g -O2  conftest.c >&5
configure:21993: $? = 0
configure:22008: result: yes
configure:22020: checking for size_t
configure:22050: gcc -c -g -O2  conftest.c >&5
configure:22056: $? = 0
configure:22071: result: yes
configure:22083: checking for u_int32_t
configure:22113: gcc -c -g -O2  conftest.c >&5
configure:22119: $? = 0
configure:22134: result: yes
configure:22147: checking whether closedir returns void
configure:22181: gcc -o conftest -g -O2   conftest.c -lcurses  >&5
configure:22184: $? = 0
configure:22190: ./conftest
configure:22193: $? = 0
configure:22209: result: no
configure:22234: checking vfork.h usability
configure:22251: gcc -c -g -O2  conftest.c >&5
conftest.c:73:19: fatal error: vfork.h: No such file or directory
compilation terminated.
configure:22257: $? = 1
configure: failed program was:
| /* confdefs.h.  */
| #define PACKAGE_NAME "libedit"
| #define PACKAGE_TARNAME "libedit-20081220"
| #define PACKAGE_VERSION "2.11"
| #define PACKAGE_STRING "libedit 2.11"
| #define PACKAGE_BUGREPORT ""
| #define PACKAGE "libedit-20081220"
| #define VERSION "2.11"
| #define STDC_HEADERS 1
| #define HAVE_SYS_TYPES_H 1
| #define HAVE_SYS_STAT_H 1
| #define HAVE_STDLIB_H 1
| #define HAVE_STRING_H 1
| #define HAVE_MEMORY_H 1
| #define HAVE_STRINGS_H 1
| #define HAVE_INTTYPES_H 1
| #define HAVE_STDINT_H 1
| #define HAVE_UNISTD_H 1
| #define HAVE_DLFCN_H 1
| #define HAVE_LIBCURSES 1
| #define HAVE_ALLOCA_H 1
| #define HAVE_ALLOCA 1
| #define HAVE_DIRENT_H 1
| #define STDC_HEADERS 1
| #define HAVE_SYS_WAIT_H 1
| #define HAVE_FCNTL_H 1
| #define HAVE_LIMITS_H 1
| #define HAVE_MALLOC_H 1
| #define HAVE_STDLIB_H 1
| #define HAVE_STRING_H 1
| #define HAVE_SYS_IOCTL_H 1
| #define HAVE_SYS_PARAM_H 1
| #define HAVE_UNISTD_H 1
| #define HAVE_CURSES_H 1
| #define HAVE_NCURSES_H 1
| #define HAVE_SYS_CDEFS_H 1
| #define HAVE_TERM_H 1
| #define HAVE_U_INT32_T 1
| /* end confdefs.h.  */
| #include <stdio.h>
| #ifdef HAVE_SYS_TYPES_H
| # include <sys/types.h>
| #endif
| #ifdef HAVE_SYS_STAT_H
| # include <sys/stat.h>
| #endif
| #ifdef STDC_HEADERS
| # include <stdlib.h>
| # include <stddef.h>
| #else
| # ifdef HAVE_STDLIB_H
| #  include <stdlib.h>
| # endif
| #endif
| #ifdef HAVE_STRING_H
| # if !defined STDC_HEADERS && defined HAVE_MEMORY_H
| #  include <memory.h>
| # endif
| # include <string.h>
| #endif
| #ifdef HAVE_STRINGS_H
| # include <strings.h>
| #endif
| #ifdef HAVE_INTTYPES_H
| # include <inttypes.h>
| #endif
| #ifdef HAVE_STDINT_H
| # include <stdint.h>
| #endif
| #ifdef HAVE_UNISTD_H
| # include <unistd.h>
| #endif
| #include <vfork.h>
configure:22271: result: no
configure:22275: checking vfork.h presence
configure:22290: gcc -E  conftest.c
conftest.c:40:19: fatal error: vfork.h: No such file or directory
compilation terminated.
configure:22296: $? = 1
configure: failed program was:
| /* confdefs.h.  */
| #define PACKAGE_NAME "libedit"
| #define PACKAGE_TARNAME "libedit-20081220"
| #define PACKAGE_VERSION "2.11"
| #define PACKAGE_STRING "libedit 2.11"
| #define PACKAGE_BUGREPORT ""
| #define PACKAGE "libedit-20081220"
| #define VERSION "2.11"
| #define STDC_HEADERS 1
| #define HAVE_SYS_TYPES_H 1
| #define HAVE_SYS_STAT_H 1
| #define HAVE_STDLIB_H 1
| #define HAVE_STRING_H 1
| #define HAVE_MEMORY_H 1
| #define HAVE_STRINGS_H 1
| #define HAVE_INTTYPES_H 1
| #define HAVE_STDINT_H 1
| #define HAVE_UNISTD_H 1
| #define HAVE_DLFCN_H 1
| #define HAVE_LIBCURSES 1
| #define HAVE_ALLOCA_H 1
| #define HAVE_ALLOCA 1
| #define HAVE_DIRENT_H 1
| #define STDC_HEADERS 1
| #define HAVE_SYS_WAIT_H 1
| #define HAVE_FCNTL_H 1
| #define HAVE_LIMITS_H 1
| #define HAVE_MALLOC_H 1
| #define HAVE_STDLIB_H 1
| #define HAVE_STRING_H 1
| #define HAVE_SYS_IOCTL_H 1
| #define HAVE_SYS_PARAM_H 1
| #define HAVE_UNISTD_H 1
| #define HAVE_CURSES_H 1
| #define HAVE_NCURSES_H 1
| #define HAVE_SYS_CDEFS_H 1
| #define HAVE_TERM_H 1
| #define HAVE_U_INT32_T 1
| /* end confdefs.h.  */
| #include <vfork.h>
configure:22310: result: no
configure:22338: checking for vfork.h
configure:22346: result: no
configure:22364: checking for fork
configure:22420: gcc -o conftest -g -O2   conftest.c -lcurses  >&5
conftest.c:63:6: warning: conflicting types for built-in function 'fork' [enabled by default]
configure:22426: $? = 0
configure:22444: result: yes
configure:22364: checking for vfork
configure:22420: gcc -o conftest -g -O2   conftest.c -lcurses  >&5
configure:22426: $? = 0
configure:22444: result: yes
configure:22455: checking for working fork
configure:22487: gcc -o conftest -g -O2   conftest.c -lcurses  >&5
configure:22490: $? = 0
configure:22496: ./conftest
configure:22499: $? = 0
configure:22515: result: yes
configure:22536: checking for working vfork
configure:22674: result: yes
configure:22706: checking whether gcc needs -traditional
configure:22748: result: no
configure:22758: checking return type of signal handlers
configure:22786: gcc -c -g -O2  conftest.c >&5
conftest.c: In function 'main':
conftest.c:50:1: error: void value not ignored as it ought to be
configure:22792: $? = 1
configure: failed program was:
| /* confdefs.h.  */
| #define PACKAGE_NAME "libedit"
| #define PACKAGE_TARNAME "libedit-20081220"
| #define PACKAGE_VERSION "2.11"
| #define PACKAGE_STRING "libedit 2.11"
| #define PACKAGE_BUGREPORT ""
| #define PACKAGE "libedit-20081220"
| #define VERSION "2.11"
| #define STDC_HEADERS 1
| #define HAVE_SYS_TYPES_H 1
| #define HAVE_SYS_STAT_H 1
| #define HAVE_STDLIB_H 1
| #define HAVE_STRING_H 1
| #define HAVE_MEMORY_H 1
| #define HAVE_STRINGS_H 1
| #define HAVE_INTTYPES_H 1
| #define HAVE_STDINT_H 1
| #define HAVE_UNISTD_H 1
| #define HAVE_DLFCN_H 1
| #define HAVE_LIBCURSES 1
| #define HAVE_ALLOCA_H 1
| #define HAVE_ALLOCA 1
| #define HAVE_DIRENT_H 1
| #define STDC_HEADERS 1
| #define HAVE_SYS_WAIT_H 1
| #define HAVE_FCNTL_H 1
| #define HAVE_LIMITS_H 1
| #define HAVE_MALLOC_H 1
| #define HAVE_STDLIB_H 1
| #define HAVE_STRING_H 1
| #define HAVE_SYS_IOCTL_H 1
| #define HAVE_SYS_PARAM_H 1
| #define HAVE_UNISTD_H 1
| #define HAVE_CURSES_H 1
| #define HAVE_NCURSES_H 1
| #define HAVE_SYS_CDEFS_H 1
| #define HAVE_TERM_H 1
| #define HAVE_U_INT32_T 1
| #define HAVE_FORK 1
| #define HAVE_VFORK 1
| #define HAVE_WORKING_VFORK 1
| #define HAVE_WORKING_FORK 1
| /* end confdefs.h.  */
| #include <sys/types.h>
| #include <signal.h>
| 
| int
| main ()
| {
| return *(signal (0, 0)) (0) == 1;
|   ;
|   return 0;
| }
configure:22807: result: void
configure:22815: checking whether lstat dereferences a symlink specified with a trailing slash
configure:22851: gcc -o conftest -g -O2   conftest.c -lcurses  >&5
configure:22854: $? = 0
configure:22860: ./conftest
configure:22863: $? = 0
configure:22886: result: yes
configure:22905: checking whether stat accepts an empty string
configure:22935: gcc -o conftest -g -O2   conftest.c -lcurses  >&5
configure:22938: $? = 0
configure:22944: ./conftest
configure:22947: $? = 0
configure:22963: result: no
configure:22999: checking for endpwent
configure:23055: gcc -o conftest -g -O2   conftest.c -lcurses  >&5
configure:23061: $? = 0
configure:23079: result: yes
configure:22999: checking for isascii
configure:23055: gcc -o conftest -g -O2   conftest.c -lcurses  >&5
conftest.c:70:6: warning: conflicting types for built-in function 'isascii' [enabled by default]
configure:23061: $? = 0
configure:23079: result: yes
configure:22999: checking for memchr
configure:23055: gcc -o conftest -g -O2   conftest.c -lcurses  >&5
conftest.c:71:6: warning: conflicting types for built-in function 'memchr' [enabled by default]
configure:23061: $? = 0
configure:23079: result: yes
configure:22999: checking for memset
configure:23055: gcc -o conftest -g -O2   conftest.c -lcurses  >&5
conftest.c:72:6: warning: conflicting types for built-in function 'memset' [enabled by default]
configure:23061: $? = 0
configure:23079: result: yes
configure:22999: checking for re_comp
configure:23055: gcc -o conftest -g -O2   conftest.c -lcurses  >&5
configure:23061: $? = 0
configure:23079: result: yes
configure:22999: checking for regcomp
configure:23055: gcc -o conftest -g -O2   conftest.c -lcurses  >&5
configure:23061: $? = 0
configure:23079: result: yes
configure:22999: checking for strcasecmp
configure:23055: gcc -o conftest -g -O2   conftest.c -lcurses  >&5
conftest.c:75:6: warning: conflicting types for built-in function 'strcasecmp' [enabled by default]
configure:23061: $? = 0
configure:23079: result: yes
configure:22999: checking for strchr
configure:23055: gcc -o conftest -g -O2   conftest.c -lcurses  >&5
conftest.c:76:6: warning: conflicting types for built-in function 'strchr' [enabled by default]
configure:23061: $? = 0
configure:23079: result: yes
configure:22999: checking for strcspn
configure:23055: gcc -o conftest -g -O2   conftest.c -lcurses  >&5
conftest.c:77:6: warning: conflicting types for built-in function 'strcspn' [enabled by default]
configure:23061: $? = 0
configure:23079: result: yes
configure:22999: checking for strdup
configure:23055: gcc -o conftest -g -O2   conftest.c -lcurses  >&5
conftest.c:78:6: warning: conflicting types for built-in function 'strdup' [enabled by default]
configure:23061: $? = 0
configure:23079: result: yes
configure:22999: checking for strerror
configure:23055: gcc -o conftest -g -O2   conftest.c -lcurses  >&5
configure:23061: $? = 0
configure:23079: result: yes
configure:22999: checking for strrchr
configure:23055: gcc -o conftest -g -O2   conftest.c -lcurses  >&5
conftest.c:80:6: warning: conflicting types for built-in function 'strrchr' [enabled by default]
configure:23061: $? = 0
configure:23079: result: yes
configure:22999: checking for strstr
configure:23055: gcc -o conftest -g -O2   conftest.c -lcurses  >&5
conftest.c:81:6: warning: conflicting types for built-in function 'strstr' [enabled by default]
configure:23061: $? = 0
configure:23079: result: yes
configure:22999: checking for strtol
configure:23055: gcc -o conftest -g -O2   conftest.c -lcurses  >&5
configure:23061: $? = 0
configure:23079: result: yes
configure:22999: checking for issetugid
configure:23055: gcc -o conftest -g -O2   conftest.c -lcurses  >&5
/tmp/cciYPm6c.o: In function `main':
/home/eliel/locust/libs/libedit/conftest.c:94: undefined reference to `issetugid'
collect2: ld returned 1 exit status
configure:23061: $? = 1
configure: failed program was:
| /* confdefs.h.  */
| #define PACKAGE_NAME "libedit"
| #define PACKAGE_TARNAME "libedit-20081220"
| #define PACKAGE_VERSION "2.11"
| #define PACKAGE_STRING "libedit 2.11"
| #define PACKAGE_BUGREPORT ""
| #define PACKAGE "libedit-20081220"
| #define VERSION "2.11"
| #define STDC_HEADERS 1
| #define HAVE_SYS_TYPES_H 1
| #define HAVE_SYS_STAT_H 1
| #define HAVE_STDLIB_H 1
| #define HAVE_STRING_H 1
| #define HAVE_MEMORY_H 1
| #define HAVE_STRINGS_H 1
| #define HAVE_INTTYPES_H 1
| #define HAVE_STDINT_H 1
| #define HAVE_UNISTD_H 1
| #define HAVE_DLFCN_H 1
| #define HAVE_LIBCURSES 1
| #define HAVE_ALLOCA_H 1
| #define HAVE_ALLOCA 1
| #define HAVE_DIRENT_H 1
| #define STDC_HEADERS 1
| #define HAVE_SYS_WAIT_H 1
| #define HAVE_FCNTL_H 1
| #define HAVE_LIMITS_H 1
| #define HAVE_MALLOC_H 1
| #define HAVE_STDLIB_H 1
| #define HAVE_STRING_H 1
| #define HAVE_SYS_IOCTL_H 1
| #define HAVE_SYS_PARAM_H 1
| #define HAVE_UNISTD_H 1
| #define HAVE_CURSES_H 1
| #define HAVE_NCURSES_H 1
| #define HAVE_SYS_CDEFS_H 1
| #define HAVE_TERM_H 1
| #define HAVE_U_INT32_T 1
| #define HAVE_FORK 1
| #define HAVE_VFORK 1
| #define HAVE_WORKING_VFORK 1
| #define HAVE_WORKING_FORK 1
| #define RETSIGTYPE void
| #define LSTAT_FOLLOWS_SLASHED_SYMLINK 1
| #define HAVE_ENDPWENT 1
| #define HAVE_ISASCII 1
| #define HAVE_MEMCHR 1
| #define HAVE_MEMSET 1
| #define HAVE_RE_COMP 1
| #define HAVE_REGCOMP 1
| #define HAVE_STRCASECMP 1
| #define HAVE_STRCHR 1
| #define HAVE_STRCSPN 1
| #define HAVE_STRDUP 1
| #define HAVE_STRERROR 1
| #define HAVE_STRRCHR 1
| #define HAVE_STRSTR 1
| #define HAVE_STRTOL 1
| /* end confdefs.h.  */
| /* Define issetugid to an innocuous variant, in case <limits.h> declares issetugid.
|    For example, HP-UX 11i <limits.h> declares gettimeofday.  */
| #define issetugid innocuous_issetugid
| 
| /* System header to define __stub macros and hopefully few prototypes,
|     which can conflict with char issetugid (); below.
|     Prefer <limits.h> to <assert.h> if __STDC__ is defined, since
|     <limits.h> exists even on freestanding compilers.  */
| 
| #ifdef __STDC__
| # include <limits.h>
| #else
| # include <assert.h>
| #endif
| 
| #undef issetugid
| 
| /* Override any GCC internal prototype to avoid an error.
|    Use char because int might match the return type of a GCC
|    builtin and then its argument prototype would still apply.  */
| #ifdef __cplusplus
| extern "C"
| #endif
| char issetugid ();
| /* The GNU C library defines this for functions which it implements
|     to always fail with ENOSYS.  Some functions are actually named
|     something starting with __ and the normal name is an alias.  */
| #if defined __stub_issetugid || defined __stub___issetugid
| choke me
| #endif
| 
| int
| main ()
| {
| return issetugid ();
|   ;
|   return 0;
| }
configure:23079: result: no
configure:22999: checking for vis
configure:23055: gcc -o conftest -g -O2   conftest.c -lcurses  >&5
/tmp/cceCQkMg.o: In function `main':
/home/eliel/locust/libs/libedit/conftest.c:94: undefined reference to `vis'
collect2: ld returned 1 exit status
configure:23061: $? = 1
configure: failed program was:
| /* confdefs.h.  */
| #define PACKAGE_NAME "libedit"
| #define PACKAGE_TARNAME "libedit-20081220"
| #define PACKAGE_VERSION "2.11"
| #define PACKAGE_STRING "libedit 2.11"
| #define PACKAGE_BUGREPORT ""
| #define PACKAGE "libedit-20081220"
| #define VERSION "2.11"
| #define STDC_HEADERS 1
| #define HAVE_SYS_TYPES_H 1
| #define HAVE_SYS_STAT_H 1
| #define HAVE_STDLIB_H 1
| #define HAVE_STRING_H 1
| #define HAVE_MEMORY_H 1
| #define HAVE_STRINGS_H 1
| #define HAVE_INTTYPES_H 1
| #define HAVE_STDINT_H 1
| #define HAVE_UNISTD_H 1
| #define HAVE_DLFCN_H 1
| #define HAVE_LIBCURSES 1
| #define HAVE_ALLOCA_H 1
| #define HAVE_ALLOCA 1
| #define HAVE_DIRENT_H 1
| #define STDC_HEADERS 1
| #define HAVE_SYS_WAIT_H 1
| #define HAVE_FCNTL_H 1
| #define HAVE_LIMITS_H 1
| #define HAVE_MALLOC_H 1
| #define HAVE_STDLIB_H 1
| #define HAVE_STRING_H 1
| #define HAVE_SYS_IOCTL_H 1
| #define HAVE_SYS_PARAM_H 1
| #define HAVE_UNISTD_H 1
| #define HAVE_CURSES_H 1
| #define HAVE_NCURSES_H 1
| #define HAVE_SYS_CDEFS_H 1
| #define HAVE_TERM_H 1
| #define HAVE_U_INT32_T 1
| #define HAVE_FORK 1
| #define HAVE_VFORK 1
| #define HAVE_WORKING_VFORK 1
| #define HAVE_WORKING_FORK 1
| #define RETSIGTYPE void
| #define LSTAT_FOLLOWS_SLASHED_SYMLINK 1
| #define HAVE_ENDPWENT 1
| #define HAVE_ISASCII 1
| #define HAVE_MEMCHR 1
| #define HAVE_MEMSET 1
| #define HAVE_RE_COMP 1
| #define HAVE_REGCOMP 1
| #define HAVE_STRCASECMP 1
| #define HAVE_STRCHR 1
| #define HAVE_STRCSPN 1
| #define HAVE_STRDUP 1
| #define HAVE_STRERROR 1
| #define HAVE_STRRCHR 1
| #define HAVE_STRSTR 1
| #define HAVE_STRTOL 1
| /* end confdefs.h.  */
| /* Define vis to an innocuous variant, in case <limits.h> declares vis.
|    For example, HP-UX 11i <limits.h> declares gettimeofday.  */
| #define vis innocuous_vis
| 
| /* System header to define __stub macros and hopefully few prototypes,
|     which can conflict with char vis (); below.
|     Prefer <limits.h> to <assert.h> if __STDC__ is defined, since
|     <limits.h> exists even on freestanding compilers.  */
| 
| #ifdef __STDC__
| # include <limits.h>
| #else
| # include <assert.h>
| #endif
| 
| #undef vis
| 
| /* Override any GCC internal prototype to avoid an error.
|    Use char because int might match the return type of a GCC
|    builtin and then its argument prototype would still apply.  */
| #ifdef __cplusplus
| extern "C"
| #endif
| char vis ();
| /* The GNU C library defines this for functions which it implements
|     to always fail with ENOSYS.  Some functions are actually named
|     something starting with __ and the normal name is an alias.  */
| #if defined __stub_vis || defined __stub___vis
| choke me
| #endif
| 
| int
| main ()
| {
| return vis ();
|   ;
|   return 0;
| }
configure:23079: result: no
configure:22999: checking for unvis
configure:23055: gcc -o conftest -g -O2   conftest.c -lcurses  >&5
/tmp/ccptxUDp.o: In function `main':
/home/eliel/locust/libs/libedit/conftest.c:94: undefined reference to `unvis'
collect2: ld returned 1 exit status
configure:23061: $? = 1
configure: failed program was:
| /* confdefs.h.  */
| #define PACKAGE_NAME "libedit"
| #define PACKAGE_TARNAME "libedit-20081220"
| #define PACKAGE_VERSION "2.11"
| #define PACKAGE_STRING "libedit 2.11"
| #define PACKAGE_BUGREPORT ""
| #define PACKAGE "libedit-20081220"
| #define VERSION "2.11"
| #define STDC_HEADERS 1
| #define HAVE_SYS_TYPES_H 1
| #define HAVE_SYS_STAT_H 1
| #define HAVE_STDLIB_H 1
| #define HAVE_STRING_H 1
| #define HAVE_MEMORY_H 1
| #define HAVE_STRINGS_H 1
| #define HAVE_INTTYPES_H 1
| #define HAVE_STDINT_H 1
| #define HAVE_UNISTD_H 1
| #define HAVE_DLFCN_H 1
| #define HAVE_LIBCURSES 1
| #define HAVE_ALLOCA_H 1
| #define HAVE_ALLOCA 1
| #define HAVE_DIRENT_H 1
| #define STDC_HEADERS 1
| #define HAVE_SYS_WAIT_H 1
| #define HAVE_FCNTL_H 1
| #define HAVE_LIMITS_H 1
| #define HAVE_MALLOC_H 1
| #define HAVE_STDLIB_H 1
| #define HAVE_STRING_H 1
| #define HAVE_SYS_IOCTL_H 1
| #define HAVE_SYS_PARAM_H 1
| #define HAVE_UNISTD_H 1
| #define HAVE_CURSES_H 1
| #define HAVE_NCURSES_H 1
| #define HAVE_SYS_CDEFS_H 1
| #define HAVE_TERM_H 1
| #define HAVE_U_INT32_T 1
| #define HAVE_FORK 1
| #define HAVE_VFORK 1
| #define HAVE_WORKING_VFORK 1
| #define HAVE_WORKING_FORK 1
| #define RETSIGTYPE void
| #define LSTAT_FOLLOWS_SLASHED_SYMLINK 1
| #define HAVE_ENDPWENT 1
| #define HAVE_ISASCII 1
| #define HAVE_MEMCHR 1
| #define HAVE_MEMSET 1
| #define HAVE_RE_COMP 1
| #define HAVE_REGCOMP 1
| #define HAVE_STRCASECMP 1
| #define HAVE_STRCHR 1
| #define HAVE_STRCSPN 1
| #define HAVE_STRDUP 1
| #define HAVE_STRERROR 1
| #define HAVE_STRRCHR 1
| #define HAVE_STRSTR 1
| #define HAVE_STRTOL 1
| /* end confdefs.h.  */
| /* Define unvis to an innocuous variant, in case <limits.h> declares unvis.
|    For example, HP-UX 11i <limits.h> declares gettimeofday.  */
| #define unvis innocuous_unvis
| 
| /* System header to define __stub macros and hopefully few prototypes,
|     which can conflict with char unvis (); below.
|     Prefer <limits.h> to <assert.h> if __STDC__ is defined, since
|     <limits.h> exists even on freestanding compilers.  */
| 
| #ifdef __STDC__
| # include <limits.h>
| #else
| # include <assert.h>
| #endif
| 
| #undef unvis
| 
| /* Override any GCC internal prototype to avoid an error.
|    Use char because int might match the return type of a GCC
|    builtin and then its argument prototype would still apply.  */
| #ifdef __cplusplus
| extern "C"
| #endif
| char unvis ();
| /* The GNU C library defines this for functions which it implements
|     to always fail with ENOSYS.  Some functions are actually named
|     something starting with __ and the normal name is an alias.  */
| #if defined __stub_unvis || defined __stub___unvis
| choke me
| #endif
| 
| int
| main ()
| {
| return unvis ();
|   ;
|   return 0;
| }
configure:23079: result: no
configure:23090: checking whether getpwnam_r and getpwuid_r are posix like
configure:23119: gcc -o conftest -g -O2   conftest.c -lcurses  >&5
configure:23125: $? = 0
configure:23136: result: yes
configure:23150: checking whether getpwnam_r and getpwuid_r are posix _draft_ like
configure:23179: gcc -o conftest -g -O2   conftest.c -lcurses  >&5
conftest.c: In function 'main':
conftest.c:67:1: error: too few arguments to function 'getpwnam_r'
/usr/include/pwd.h:150:12: note: declared here
conftest.c:68:17: error: too few arguments to function 'getpwuid_r'
/usr/include/pwd.h:145:12: note: declared here
configure:23185: $? = 1
configure: failed program was:
| /* confdefs.h.  */
| #define PACKAGE_NAME "libedit"
| #define PACKAGE_TARNAME "libedit-20081220"
| #define PACKAGE_VERSION "2.11"
| #define PACKAGE_STRING "libedit 2.11"
| #define PACKAGE_BUGREPORT ""
| #define PACKAGE "libedit-20081220"
| #define VERSION "2.11"
| #define STDC_HEADERS 1
| #define HAVE_SYS_TYPES_H 1
| #define HAVE_SYS_STAT_H 1
| #define HAVE_STDLIB_H 1
| #define HAVE_STRING_H 1
| #define HAVE_MEMORY_H 1
| #define HAVE_STRINGS_H 1
| #define HAVE_INTTYPES_H 1
| #define HAVE_STDINT_H 1
| #define HAVE_UNISTD_H 1
| #define HAVE_DLFCN_H 1
| #define HAVE_LIBCURSES 1
| #define HAVE_ALLOCA_H 1
| #define HAVE_ALLOCA 1
| #define HAVE_DIRENT_H 1
| #define STDC_HEADERS 1
| #define HAVE_SYS_WAIT_H 1
| #define HAVE_FCNTL_H 1
| #define HAVE_LIMITS_H 1
| #define HAVE_MALLOC_H 1
| #define HAVE_STDLIB_H 1
| #define HAVE_STRING_H 1
| #define HAVE_SYS_IOCTL_H 1
| #define HAVE_SYS_PARAM_H 1
| #define HAVE_UNISTD_H 1
| #define HAVE_CURSES_H 1
| #define HAVE_NCURSES_H 1
| #define HAVE_SYS_CDEFS_H 1
| #define HAVE_TERM_H 1
| #define HAVE_U_INT32_T 1
| #define HAVE_FORK 1
| #define HAVE_VFORK 1
| #define HAVE_WORKING_VFORK 1
| #define HAVE_WORKING_FORK 1
| #define RETSIGTYPE void
| #define LSTAT_FOLLOWS_SLASHED_SYMLINK 1
| #define HAVE_ENDPWENT 1
| #define HAVE_ISASCII 1
| #define HAVE_MEMCHR 1
| #define HAVE_MEMSET 1
| #define HAVE_RE_COMP 1
| #define HAVE_REGCOMP 1
| #define HAVE_STRCASECMP 1
| #define HAVE_STRCHR 1
| #define HAVE_STRCSPN 1
| #define HAVE_STRDUP 1
| #define HAVE_STRERROR 1
| #define HAVE_STRRCHR 1
| #define HAVE_STRSTR 1
| #define HAVE_STRTOL 1
| #define HAVE_GETPW_R_POSIX 1
| /* end confdefs.h.  */
| #include <stdlib.h>
|                 #include <sys/types.h>
|                 #include <pwd.h>
| int
| main ()
| {
| getpwnam_r(NULL, NULL, NULL, (size_t)0);
|                 getpwuid_r((uid_t)0, NULL, NULL, (size_t)0);
|   ;
|   return 0;
| }
configure:23202: result: no
configure:23350: creating ./config.status

## ---------------------- ##
## Running config.status. ##
## ---------------------- ##

This file was extended by libedit config.status 2.11, which was
generated by GNU Autoconf 2.61.  Invocation command line was

  CONFIG_FILES    = 
  CONFIG_HEADERS  = 
  CONFIG_LINKS    = 
  CONFIG_COMMANDS = 
  $ ./config.status 

on elielsardanons

config.status:669: creating Makefile
config.status:669: creating libedit.pc
config.status:669: creating src/Makefile
config.status:669: creating doc/Makefile
config.status:669: creating examples/Makefile
config.status:669: creating config.h
config.status:944: config.h is unchanged
config.status:990: executing depfiles commands

## ---------------- ##
## Cache variables. ##
## ---------------- ##

ac_cv_build=x86_64-unknown-linux-gnu
ac_cv_c_compiler_gnu=yes
ac_cv_c_const=yes
ac_cv_cxx_compiler_gnu=yes
ac_cv_env_CCC_set=
ac_cv_env_CCC_value=
ac_cv_env_CC_set=
ac_cv_env_CC_value=
ac_cv_env_CFLAGS_set=
ac_cv_env_CFLAGS_value=
ac_cv_env_CPPFLAGS_set=
ac_cv_env_CPPFLAGS_value=
ac_cv_env_CPP_set=
ac_cv_env_CPP_value=
ac_cv_env_CXXCPP_set=
ac_cv_env_CXXCPP_value=
ac_cv_env_CXXFLAGS_set=
ac_cv_env_CXXFLAGS_value=
ac_cv_env_CXX_set=
ac_cv_env_CXX_value=
ac_cv_env_F77_set=
ac_cv_env_F77_value=
ac_cv_env_FFLAGS_set=
ac_cv_env_FFLAGS_value=
ac_cv_env_LDFLAGS_set=
ac_cv_env_LDFLAGS_value=
ac_cv_env_LIBS_set=
ac_cv_env_LIBS_value=
ac_cv_env_build_alias_set=
ac_cv_env_build_alias_value=
ac_cv_env_host_alias_set=
ac_cv_env_host_alias_value=
ac_cv_env_target_alias_set=
ac_cv_env_target_alias_value=
ac_cv_f77_compiler_gnu=no
ac_cv_func_alloca_works=yes
ac_cv_func_closedir_void=no
ac_cv_func_endpwent=yes
ac_cv_func_fork=yes
ac_cv_func_fork_works=yes
ac_cv_func_isascii=yes
ac_cv_func_issetugid=no
ac_cv_func_lstat_dereferences_slashed_symlink=yes
ac_cv_func_memchr=yes
ac_cv_func_memset=yes
ac_cv_func_re_comp=yes
ac_cv_func_regcomp=yes
ac_cv_func_stat_empty_string_bug=no
ac_cv_func_strcasecmp=yes
ac_cv_func_strchr=yes
ac_cv_func_strcspn=yes
ac_cv_func_strdup=yes
ac_cv_func_strerror=yes
ac_cv_func_strrchr=yes
ac_cv_func_strstr=yes
ac_cv_func_strtol=yes
ac_cv_func_unvis=no
ac_cv_func_vfork=yes
ac_cv_func_vfork_works=yes
ac_cv_func_vis=no
ac_cv_header_curses_h=yes
ac_cv_header_dirent_dirent_h=yes
ac_cv_header_dlfcn_h=yes
ac_cv_header_fcntl_h=yes
ac_cv_header_inttypes_h=yes
ac_cv_header_limits_h=yes
ac_cv_header_malloc_h=yes
ac_cv_header_memory_h=yes
ac_cv_header_ncurses_h=yes
ac_cv_header_stdc=yes
ac_cv_header_stdint_h=yes
ac_cv_header_stdlib_h=yes
ac_cv_header_string_h=yes
ac_cv_header_strings_h=yes
ac_cv_header_sys_cdefs_h=yes
ac_cv_header_sys_ioctl_h=yes
ac_cv_header_sys_param_h=yes
ac_cv_header_sys_stat_h=yes
ac_cv_header_sys_types_h=yes
ac_cv_header_sys_wait_h=yes
ac_cv_header_term_h=yes
ac_cv_header_termios_h=yes
ac_cv_header_unistd_h=yes
ac_cv_header_vfork_h=no
ac_cv_host=x86_64-unknown-linux-gnu
ac_cv_lib_curses_tgetent=yes
ac_cv_objext=o
ac_cv_path_EGREP='/bin/grep -E'
ac_cv_path_GREP=/bin/grep
ac_cv_path_NROFF=/usr/bin/nroff
ac_cv_path_install='/usr/bin/install -c'
ac_cv_path_mkdir=/bin/mkdir
ac_cv_prog_AWK=mawk
ac_cv_prog_CPP='gcc -E'
ac_cv_prog_CXXCPP='g++ -E'
ac_cv_prog_ac_ct_AR=ar
ac_cv_prog_ac_ct_CC=gcc
ac_cv_prog_ac_ct_CXX=g++
ac_cv_prog_ac_ct_RANLIB=ranlib
ac_cv_prog_ac_ct_STRIP=strip
ac_cv_prog_cc_c89=
ac_cv_prog_cc_g=yes
ac_cv_prog_cxx_g=yes
ac_cv_prog_f77_g=no
ac_cv_prog_gcc_traditional=no
ac_cv_prog_make_make_set=yes
ac_cv_search_opendir='none required'
ac_cv_type_pid_t=yes
ac_cv_type_signal=void
ac_cv_type_size_t=yes
ac_cv_type_u_int32_t=yes
ac_cv_working_alloca_h=yes
am_cv_CC_dependencies_compiler_type=gcc3
am_cv_CXX_dependencies_compiler_type=gcc3
lt_cv_deplibs_check_method=pass_all
lt_cv_file_magic_cmd='$MAGIC_CMD'
lt_cv_file_magic_test_file=
lt_cv_ld_reload_flag=-r
lt_cv_objdir=.libs
lt_cv_path_LD=/usr/bin/ld
lt_cv_path_LDCXX='/usr/bin/ld -m elf_x86_64'
lt_cv_path_NM='/usr/bin/nm -B'
lt_cv_path_SED=/bin/sed
lt_cv_prog_compiler_c_o=yes
lt_cv_prog_compiler_c_o_CXX=yes
lt_cv_prog_compiler_rtti_exceptions=no
lt_cv_prog_gnu_ld=yes
lt_cv_prog_gnu_ldcxx=yes
lt_cv_sys_global_symbol_pipe='sed -n -e '\''s/^.*[ 	]\([ABCDGIRSTW][ABCDGIRSTW]*\)[ 	][ 	]*\([_A-Za-z][_A-Za-z0-9]*\)$/\1 \2 \2/p'\'''
lt_cv_sys_global_symbol_to_c_name_address='sed -n -e '\''s/^: \([^ ]*\) $/  {\"\1\", (lt_ptr) 0},/p'\'' -e '\''s/^[BCDEGRST] \([^ ]*\) \([^ ]*\)$/  {"\2", (lt_ptr) \&\2},/p'\'''
lt_cv_sys_global_symbol_to_cdecl='sed -n -e '\''s/^. .* \(.*\)$/extern int \1;/p'\'''
lt_cv_sys_max_cmd_len=32768
lt_lt_cv_prog_compiler_c_o='"yes"'
lt_lt_cv_prog_compiler_c_o_CXX='"yes"'
lt_lt_cv_sys_global_symbol_pipe='"sed -n -e '\''s/^.*[ 	]\\([ABCDGIRSTW][ABCDGIRSTW]*\\)[ 	][ 	]*\\([_A-Za-z][_A-Za-z0-9]*\\)\$/\\1 \\2 \\2/p'\''"'
lt_lt_cv_sys_global_symbol_to_c_name_address='"sed -n -e '\''s/^: \\([^ ]*\\) \$/  {\\\"\\1\\\", (lt_ptr) 0},/p'\'' -e '\''s/^[BCDEGRST] \\([^ ]*\\) \\([^ ]*\\)\$/  {\"\\2\", (lt_ptr) \\&\\2},/p'\''"'
lt_lt_cv_sys_global_symbol_to_cdecl='"sed -n -e '\''s/^. .* \\(.*\\)\$/extern int \\1;/p'\''"'

## ----------------- ##
## Output variables. ##
## ----------------- ##

ACLOCAL='${SHELL} /home/eliel/locust/libs/libedit/missing --run aclocal-1.10'
ALLOCA=''
AMDEPBACKSLASH='\'
AMDEP_FALSE='#'
AMDEP_TRUE=''
AMTAR='${SHELL} /home/eliel/locust/libs/libedit/missing --run tar'
AR='ar'
AUTOCONF='${SHELL} /home/eliel/locust/libs/libedit/missing --run autoconf'
AUTOHEADER='${SHELL} /home/eliel/locust/libs/libedit/missing --run autoheader'
AUTOMAKE='${SHELL} /home/eliel/locust/libs/libedit/missing --run automake-1.10'
AWK='mawk'
CC='gcc'
CCDEPMODE='depmode=gcc3'
CFLAGS='-g -O2'
CPP='gcc -E'
CPPFLAGS=''
CXX='g++'
CXXCPP='g++ -E'
CXXDEPMODE='depmode=gcc3'
CXXFLAGS='-g -O2'
CYGPATH_W='echo'
DEFS='-DHAVE_CONFIG_H'
DEPDIR='.deps'
ECHO='echo'
ECHO_C=''
ECHO_N='-n'
ECHO_T=''
EGREP='/bin/grep -E'
EXEEXT=''
F77=''
FFLAGS=''
GREP='/bin/grep'
INSTALL_DATA='${INSTALL} -m 644'
INSTALL_PROGRAM='${INSTALL}'
INSTALL_SCRIPT='${INSTALL}'
INSTALL_STRIP_PROGRAM='$(install_sh) -c -s'
LDFLAGS=''
LIBOBJS=''
LIBS='-lcurses '
LIBTOOL='$(SHELL) $(top_builddir)/libtool'
LN_S='ln -s'
LTLIBOBJS=''
LT_VERSION='0:27:0'
MAKEINFO='${SHELL} /home/eliel/locust/libs/libedit/missing --run makeinfo'
MANTYPE='mdoc'
NROFF='/usr/bin/nroff'
OBJEXT='o'
PACKAGE='libedit-20081220'
PACKAGE_BUGREPORT=''
PACKAGE_NAME='libedit'
PACKAGE_STRING='libedit 2.11'
PACKAGE_TARNAME='libedit-20081220'
PACKAGE_VERSION='2.11'
PATH_SEPARATOR=':'
RANLIB='ranlib'
SET_MAKE=''
SHELL='/bin/bash'
STRIP='strip'
VERSION='2.11'
ac_ct_CC='gcc'
ac_ct_CXX='g++'
ac_ct_F77=''
am__fastdepCC_FALSE='#'
am__fastdepCC_TRUE=''
am__fastdepCXX_FALSE='#'
am__fastdepCXX_TRUE=''
am__include='include'
am__isrc=''
am__leading_dot='.'
am__quote=''
am__tar='${AMTAR} chof - "$$tardir"'
am__untar='${AMTAR} xf -'
bindir='${exec_prefix}/bin'
build='x86_64-unknown-linux-gnu'
build_alias=''
build_cpu='x86_64'
build_os='linux-gnu'
build_vendor='unknown'
datadir='${datarootdir}'
datarootdir='${prefix}/share'
docdir='${datarootdir}/doc/${PACKAGE_TARNAME}'
dvidir='${docdir}'
exec_prefix='${prefix}'
host='x86_64-unknown-linux-gnu'
host_alias=''
host_cpu='x86_64'
host_os='linux-gnu'
host_vendor='unknown'
htmldir='${docdir}'
includedir='${prefix}/include'
infodir='${datarootdir}/info'
install_sh='$(SHELL) /home/eliel/locust/libs/libedit/install-sh'
libdir='${exec_prefix}/lib'
libexecdir='${exec_prefix}/libexec'
localedir='${datarootdir}/locale'
localstatedir='${prefix}/var'
mandir='${datarootdir}/man'
mkdir_p='/bin/mkdir -p'
oldincludedir='/usr/include'
pdfdir='${docdir}'
prefix='/usr/local'
program_transform_name='s,x,x,'
psdir='${docdir}'
sbindir='${exec_prefix}/sbin'
sharedstatedir='${prefix}/com'
sysconfdir='${prefix}/etc'
target_alias=''

## ----------- ##
## confdefs.h. ##
## ----------- ##

#define PACKAGE_NAME "libedit"
#define PACKAGE_TARNAME "libedit-20081220"
#define PACKAGE_VERSION "2.11"
#define PACKAGE_STRING "libedit 2.11"
#define PACKAGE_BUGREPORT ""
#define PACKAGE "libedit-20081220"
#define VERSION "2.11"
#define STDC_HEADERS 1
#define HAVE_SYS_TYPES_H 1
#define HAVE_SYS_STAT_H 1
#define HAVE_STDLIB_H 1
#define HAVE_STRING_H 1
#define HAVE_MEMORY_H 1
#define HAVE_STRINGS_H 1
#define HAVE_INTTYPES_H 1
#define HAVE_STDINT_H 1
#define HAVE_UNISTD_H 1
#define HAVE_DLFCN_H 1
#define HAVE_LIBCURSES 1
#define HAVE_ALLOCA_H 1
#define HAVE_ALLOCA 1
#define HAVE_DIRENT_H 1
#define STDC_HEADERS 1
#define HAVE_SYS_WAIT_H 1
#define HAVE_FCNTL_H 1
#define HAVE_LIMITS_H 1
#define HAVE_MALLOC_H 1
#define HAVE_STDLIB_H 1
#define HAVE_STRING_H 1
#define HAVE_SYS_IOCTL_H 1
#define HAVE_SYS_PARAM_H 1
#define HAVE_UNISTD_H 1
#define HAVE_CURSES_H 1
#define HAVE_NCURSES_H 1
#define HAVE_SYS_CDEFS_H 1
#define HAVE_TERM_H 1
#define HAVE_U_INT32_T 1
#define HAVE_FORK 1
#define HAVE_VFORK 1
#define HAVE_WORKING_VFORK 1
#define HAVE_WORKING_FORK 1
#define RETSIGTYPE void
#define LSTAT_FOLLOWS_SLASHED_SYMLINK 1
#define HAVE_ENDPWENT 1
#define HAVE_ISASCII 1
#define HAVE_MEMCHR 1
#define HAVE_MEMSET 1
#define HAVE_RE_COMP 1
#define HAVE_REGCOMP 1
#define HAVE_STRCASECMP 1
#define HAVE_STRCHR 1
#define HAVE_STRCSPN 1
#define HAVE_STRDUP 1
#define HAVE_STRERROR 1
#define HAVE_STRRCHR 1
#define HAVE_STRSTR 1
#define HAVE_STRTOL 1
#define HAVE_GETPW_R_POSIX 1

configure: exit 0
